<?xml version="1.0" encoding="UTF-8"?>
<testsuite xmlns:xsi="http://www.w3.org/2001/XMLSchema-instance" xsi:noNamespaceSchemaLocation="https://maven.apache.org/surefire/maven-surefire-plugin/xsd/surefire-test-report.xsd" version="3.0.2" name="com.example.wallet.service.it.WalletControllerITTest" time="16.08" tests="9" errors="0" skipped="0" failures="0">
  <properties>
    <property name="java.specification.version" value="17"/>
    <property name="sun.jnu.encoding" value="UTF-8"/>
    <property name="java.class.path" value="/home/alendegeraldo/Downloads/wallet/target/test-classes:/home/alendegeraldo/Downloads/wallet/target/classes:/home/alendegeraldo/.m2/repository/org/springframework/boot/spring-boot-starter-data-jpa/3.5.0/spring-boot-starter-data-jpa-3.5.0.jar:/home/alendegeraldo/.m2/repository/org/springframework/boot/spring-boot-starter/3.5.0/spring-boot-starter-3.5.0.jar:/home/alendegeraldo/.m2/repository/org/springframework/boot/spring-boot/3.5.0/spring-boot-3.5.0.jar:/home/alendegeraldo/.m2/repository/org/springframework/boot/spring-boot-autoconfigure/3.5.0/spring-boot-autoconfigure-3.5.0.jar:/home/alendegeraldo/.m2/repository/org/springframework/boot/spring-boot-starter-logging/3.5.0/spring-boot-starter-logging-3.5.0.jar:/home/alendegeraldo/.m2/repository/ch/qos/logback/logback-classic/1.5.18/logback-classic-1.5.18.jar:/home/alendegeraldo/.m2/repository/ch/qos/logback/logback-core/1.5.18/logback-core-1.5.18.jar:/home/alendegeraldo/.m2/repository/org/apache/logging/log4j/log4j-to-slf4j/2.24.3/log4j-to-slf4j-2.24.3.jar:/home/alendegeraldo/.m2/repository/org/apache/logging/log4j/log4j-api/2.24.3/log4j-api-2.24.3.jar:/home/alendegeraldo/.m2/repository/org/slf4j/jul-to-slf4j/2.0.17/jul-to-slf4j-2.0.17.jar:/home/alendegeraldo/.m2/repository/jakarta/annotation/jakarta.annotation-api/2.1.1/jakarta.annotation-api-2.1.1.jar:/home/alendegeraldo/.m2/repository/org/yaml/snakeyaml/2.4/snakeyaml-2.4.jar:/home/alendegeraldo/.m2/repository/org/springframework/boot/spring-boot-starter-jdbc/3.5.0/spring-boot-starter-jdbc-3.5.0.jar:/home/alendegeraldo/.m2/repository/com/zaxxer/HikariCP/6.3.0/HikariCP-6.3.0.jar:/home/alendegeraldo/.m2/repository/org/springframework/spring-jdbc/6.2.7/spring-jdbc-6.2.7.jar:/home/alendegeraldo/.m2/repository/org/hibernate/orm/hibernate-core/6.6.15.Final/hibernate-core-6.6.15.Final.jar:/home/alendegeraldo/.m2/repository/jakarta/persistence/jakarta.persistence-api/3.1.0/jakarta.persistence-api-3.1.0.jar:/home/alendegeraldo/.m2/repository/jakarta/transaction/jakarta.transaction-api/2.0.1/jakarta.transaction-api-2.0.1.jar:/home/alendegeraldo/.m2/repository/org/jboss/logging/jboss-logging/3.6.1.Final/jboss-logging-3.6.1.Final.jar:/home/alendegeraldo/.m2/repository/org/hibernate/common/hibernate-commons-annotations/7.0.3.Final/hibernate-commons-annotations-7.0.3.Final.jar:/home/alendegeraldo/.m2/repository/io/smallrye/jandex/3.2.0/jandex-3.2.0.jar:/home/alendegeraldo/.m2/repository/com/fasterxml/classmate/1.7.0/classmate-1.7.0.jar:/home/alendegeraldo/.m2/repository/org/glassfish/jaxb/jaxb-runtime/4.0.5/jaxb-runtime-4.0.5.jar:/home/alendegeraldo/.m2/repository/org/glassfish/jaxb/jaxb-core/4.0.5/jaxb-core-4.0.5.jar:/home/alendegeraldo/.m2/repository/org/eclipse/angus/angus-activation/2.0.2/angus-activation-2.0.2.jar:/home/alendegeraldo/.m2/repository/org/glassfish/jaxb/txw2/4.0.5/txw2-4.0.5.jar:/home/alendegeraldo/.m2/repository/com/sun/istack/istack-commons-runtime/4.1.2/istack-commons-runtime-4.1.2.jar:/home/alendegeraldo/.m2/repository/jakarta/inject/jakarta.inject-api/2.0.1/jakarta.inject-api-2.0.1.jar:/home/alendegeraldo/.m2/repository/org/antlr/antlr4-runtime/4.13.0/antlr4-runtime-4.13.0.jar:/home/alendegeraldo/.m2/repository/org/springframework/data/spring-data-jpa/3.5.0/spring-data-jpa-3.5.0.jar:/home/alendegeraldo/.m2/repository/org/springframework/data/spring-data-commons/3.5.0/spring-data-commons-3.5.0.jar:/home/alendegeraldo/.m2/repository/org/springframework/spring-orm/6.2.7/spring-orm-6.2.7.jar:/home/alendegeraldo/.m2/repository/org/springframework/spring-context/6.2.7/spring-context-6.2.7.jar:/home/alendegeraldo/.m2/repository/org/springframework/spring-aop/6.2.7/spring-aop-6.2.7.jar:/home/alendegeraldo/.m2/repository/org/springframework/spring-tx/6.2.7/spring-tx-6.2.7.jar:/home/alendegeraldo/.m2/repository/org/springframework/spring-beans/6.2.7/spring-beans-6.2.7.jar:/home/alendegeraldo/.m2/repository/org/slf4j/slf4j-api/2.0.17/slf4j-api-2.0.17.jar:/home/alendegeraldo/.m2/repository/org/springframework/spring-aspects/6.2.7/spring-aspects-6.2.7.jar:/home/alendegeraldo/.m2/repository/org/aspectj/aspectjweaver/1.9.24/aspectjweaver-1.9.24.jar:/home/alendegeraldo/.m2/repository/org/springframework/boot/spring-boot-starter-validation/3.5.0/spring-boot-starter-validation-3.5.0.jar:/home/alendegeraldo/.m2/repository/org/apache/tomcat/embed/tomcat-embed-el/10.1.41/tomcat-embed-el-10.1.41.jar:/home/alendegeraldo/.m2/repository/org/hibernate/validator/hibernate-validator/8.0.2.Final/hibernate-validator-8.0.2.Final.jar:/home/alendegeraldo/.m2/repository/jakarta/validation/jakarta.validation-api/3.0.2/jakarta.validation-api-3.0.2.jar:/home/alendegeraldo/.m2/repository/org/springframework/boot/spring-boot-starter-web/3.5.0/spring-boot-starter-web-3.5.0.jar:/home/alendegeraldo/.m2/repository/org/springframework/boot/spring-boot-starter-json/3.5.0/spring-boot-starter-json-3.5.0.jar:/home/alendegeraldo/.m2/repository/com/fasterxml/jackson/datatype/jackson-datatype-jdk8/2.19.0/jackson-datatype-jdk8-2.19.0.jar:/home/alendegeraldo/.m2/repository/com/fasterxml/jackson/datatype/jackson-datatype-jsr310/2.19.0/jackson-datatype-jsr310-2.19.0.jar:/home/alendegeraldo/.m2/repository/com/fasterxml/jackson/module/jackson-module-parameter-names/2.19.0/jackson-module-parameter-names-2.19.0.jar:/home/alendegeraldo/.m2/repository/org/springframework/boot/spring-boot-starter-tomcat/3.5.0/spring-boot-starter-tomcat-3.5.0.jar:/home/alendegeraldo/.m2/repository/org/apache/tomcat/embed/tomcat-embed-core/10.1.41/tomcat-embed-core-10.1.41.jar:/home/alendegeraldo/.m2/repository/org/apache/tomcat/embed/tomcat-embed-websocket/10.1.41/tomcat-embed-websocket-10.1.41.jar:/home/alendegeraldo/.m2/repository/org/springframework/spring-web/6.2.7/spring-web-6.2.7.jar:/home/alendegeraldo/.m2/repository/org/springframework/spring-webmvc/6.2.7/spring-webmvc-6.2.7.jar:/home/alendegeraldo/.m2/repository/org/springframework/spring-expression/6.2.7/spring-expression-6.2.7.jar:/home/alendegeraldo/.m2/repository/org/postgresql/postgresql/42.7.5/postgresql-42.7.5.jar:/home/alendegeraldo/.m2/repository/org/checkerframework/checker-qual/3.48.3/checker-qual-3.48.3.jar:/home/alendegeraldo/.m2/repository/net/logstash/logback/logstash-logback-encoder/7.4/logstash-logback-encoder-7.4.jar:/home/alendegeraldo/.m2/repository/com/fasterxml/jackson/core/jackson-databind/2.19.0/jackson-databind-2.19.0.jar:/home/alendegeraldo/.m2/repository/com/fasterxml/jackson/core/jackson-annotations/2.19.0/jackson-annotations-2.19.0.jar:/home/alendegeraldo/.m2/repository/com/fasterxml/jackson/core/jackson-core/2.19.0/jackson-core-2.19.0.jar:/home/alendegeraldo/.m2/repository/org/springframework/boot/spring-boot-starter-test/3.5.0/spring-boot-starter-test-3.5.0.jar:/home/alendegeraldo/.m2/repository/org/springframework/boot/spring-boot-test/3.5.0/spring-boot-test-3.5.0.jar:/home/alendegeraldo/.m2/repository/org/springframework/boot/spring-boot-test-autoconfigure/3.5.0/spring-boot-test-autoconfigure-3.5.0.jar:/home/alendegeraldo/.m2/repository/com/jayway/jsonpath/json-path/2.9.0/json-path-2.9.0.jar:/home/alendegeraldo/.m2/repository/jakarta/xml/bind/jakarta.xml.bind-api/4.0.2/jakarta.xml.bind-api-4.0.2.jar:/home/alendegeraldo/.m2/repository/jakarta/activation/jakarta.activation-api/2.1.3/jakarta.activation-api-2.1.3.jar:/home/alendegeraldo/.m2/repository/net/minidev/json-smart/2.5.2/json-smart-2.5.2.jar:/home/alendegeraldo/.m2/repository/net/minidev/accessors-smart/2.5.2/accessors-smart-2.5.2.jar:/home/alendegeraldo/.m2/repository/org/ow2/asm/asm/9.7.1/asm-9.7.1.jar:/home/alendegeraldo/.m2/repository/org/assertj/assertj-core/3.27.3/assertj-core-3.27.3.jar:/home/alendegeraldo/.m2/repository/org/awaitility/awaitility/4.3.0/awaitility-4.3.0.jar:/home/alendegeraldo/.m2/repository/org/hamcrest/hamcrest/3.0/hamcrest-3.0.jar:/home/alendegeraldo/.m2/repository/org/junit/jupiter/junit-jupiter/5.12.2/junit-jupiter-5.12.2.jar:/home/alendegeraldo/.m2/repository/org/junit/jupiter/junit-jupiter-params/5.12.2/junit-jupiter-params-5.12.2.jar:/home/alendegeraldo/.m2/repository/org/junit/jupiter/junit-jupiter-engine/5.12.2/junit-jupiter-engine-5.12.2.jar:/home/alendegeraldo/.m2/repository/org/junit/platform/junit-platform-engine/1.12.2/junit-platform-engine-1.12.2.jar:/home/alendegeraldo/.m2/repository/org/skyscreamer/jsonassert/1.5.3/jsonassert-1.5.3.jar:/home/alendegeraldo/.m2/repository/com/vaadin/external/google/android-json/0.0.20131108.vaadin1/android-json-0.0.20131108.vaadin1.jar:/home/alendegeraldo/.m2/repository/org/springframework/spring-core/6.2.7/spring-core-6.2.7.jar:/home/alendegeraldo/.m2/repository/org/springframework/spring-jcl/6.2.7/spring-jcl-6.2.7.jar:/home/alendegeraldo/.m2/repository/org/springframework/spring-test/6.2.7/spring-test-6.2.7.jar:/home/alendegeraldo/.m2/repository/org/xmlunit/xmlunit-core/2.10.1/xmlunit-core-2.10.1.jar:/home/alendegeraldo/.m2/repository/org/mockito/mockito-core/5.17.0/mockito-core-5.17.0.jar:/home/alendegeraldo/.m2/repository/net/bytebuddy/byte-buddy/1.17.5/byte-buddy-1.17.5.jar:/home/alendegeraldo/.m2/repository/net/bytebuddy/byte-buddy-agent/1.17.5/byte-buddy-agent-1.17.5.jar:/home/alendegeraldo/.m2/repository/org/objenesis/objenesis/3.3/objenesis-3.3.jar:/home/alendegeraldo/.m2/repository/org/mockito/mockito-junit-jupiter/5.17.0/mockito-junit-jupiter-5.17.0.jar:/home/alendegeraldo/.m2/repository/org/junit/jupiter/junit-jupiter-api/5.12.2/junit-jupiter-api-5.12.2.jar:/home/alendegeraldo/.m2/repository/org/opentest4j/opentest4j/1.3.0/opentest4j-1.3.0.jar:/home/alendegeraldo/.m2/repository/org/junit/platform/junit-platform-commons/1.12.2/junit-platform-commons-1.12.2.jar:/home/alendegeraldo/.m2/repository/org/apiguardian/apiguardian-api/1.1.2/apiguardian-api-1.1.2.jar:/home/alendegeraldo/.m2/repository/org/springdoc/springdoc-openapi-starter-webmvc-ui/2.8.8/springdoc-openapi-starter-webmvc-ui-2.8.8.jar:/home/alendegeraldo/.m2/repository/org/springdoc/springdoc-openapi-starter-webmvc-api/2.8.8/springdoc-openapi-starter-webmvc-api-2.8.8.jar:/home/alendegeraldo/.m2/repository/org/springdoc/springdoc-openapi-starter-common/2.8.8/springdoc-openapi-starter-common-2.8.8.jar:/home/alendegeraldo/.m2/repository/io/swagger/core/v3/swagger-core-jakarta/2.2.30/swagger-core-jakarta-2.2.30.jar:/home/alendegeraldo/.m2/repository/io/swagger/core/v3/swagger-annotations-jakarta/2.2.30/swagger-annotations-jakarta-2.2.30.jar:/home/alendegeraldo/.m2/repository/io/swagger/core/v3/swagger-models-jakarta/2.2.30/swagger-models-jakarta-2.2.30.jar:/home/alendegeraldo/.m2/repository/com/fasterxml/jackson/dataformat/jackson-dataformat-yaml/2.19.0/jackson-dataformat-yaml-2.19.0.jar:/home/alendegeraldo/.m2/repository/org/webjars/swagger-ui/5.21.0/swagger-ui-5.21.0.jar:/home/alendegeraldo/.m2/repository/org/webjars/webjars-locator-lite/1.1.0/webjars-locator-lite-1.1.0.jar:/home/alendegeraldo/.m2/repository/org/jspecify/jspecify/1.0.0/jspecify-1.0.0.jar:/home/alendegeraldo/.m2/repository/org/springframework/boot/spring-boot-starter-actuator/3.5.0/spring-boot-starter-actuator-3.5.0.jar:/home/alendegeraldo/.m2/repository/org/springframework/boot/spring-boot-actuator-autoconfigure/3.5.0/spring-boot-actuator-autoconfigure-3.5.0.jar:/home/alendegeraldo/.m2/repository/org/springframework/boot/spring-boot-actuator/3.5.0/spring-boot-actuator-3.5.0.jar:/home/alendegeraldo/.m2/repository/io/micrometer/micrometer-observation/1.15.0/micrometer-observation-1.15.0.jar:/home/alendegeraldo/.m2/repository/io/micrometer/micrometer-commons/1.15.0/micrometer-commons-1.15.0.jar:/home/alendegeraldo/.m2/repository/io/micrometer/micrometer-jakarta9/1.15.0/micrometer-jakarta9-1.15.0.jar:/home/alendegeraldo/.m2/repository/io/micrometer/micrometer-core/1.15.0/micrometer-core-1.15.0.jar:/home/alendegeraldo/.m2/repository/org/hdrhistogram/HdrHistogram/2.2.2/HdrHistogram-2.2.2.jar:/home/alendegeraldo/.m2/repository/org/latencyutils/LatencyUtils/2.0.3/LatencyUtils-2.0.3.jar:/home/alendegeraldo/.m2/repository/org/testcontainers/junit-jupiter/1.21.0/junit-jupiter-1.21.0.jar:/home/alendegeraldo/.m2/repository/org/testcontainers/testcontainers/1.21.0/testcontainers-1.21.0.jar:/home/alendegeraldo/.m2/repository/junit/junit/4.13.2/junit-4.13.2.jar:/home/alendegeraldo/.m2/repository/org/hamcrest/hamcrest-core/3.0/hamcrest-core-3.0.jar:/home/alendegeraldo/.m2/repository/org/apache/commons/commons-compress/1.24.0/commons-compress-1.24.0.jar:/home/alendegeraldo/.m2/repository/org/rnorth/duct-tape/duct-tape/1.0.8/duct-tape-1.0.8.jar:/home/alendegeraldo/.m2/repository/org/jetbrains/annotations/17.0.0/annotations-17.0.0.jar:/home/alendegeraldo/.m2/repository/com/github/docker-java/docker-java-api/3.4.2/docker-java-api-3.4.2.jar:/home/alendegeraldo/.m2/repository/com/github/docker-java/docker-java-transport-zerodep/3.4.2/docker-java-transport-zerodep-3.4.2.jar:/home/alendegeraldo/.m2/repository/com/github/docker-java/docker-java-transport/3.4.2/docker-java-transport-3.4.2.jar:/home/alendegeraldo/.m2/repository/net/java/dev/jna/jna/5.13.0/jna-5.13.0.jar:/home/alendegeraldo/.m2/repository/org/testcontainers/postgresql/1.21.0/postgresql-1.21.0.jar:/home/alendegeraldo/.m2/repository/org/testcontainers/jdbc/1.21.0/jdbc-1.21.0.jar:/home/alendegeraldo/.m2/repository/org/testcontainers/database-commons/1.21.0/database-commons-1.21.0.jar:/home/alendegeraldo/.m2/repository/io/rest-assured/rest-assured/5.5.2/rest-assured-5.5.2.jar:/home/alendegeraldo/.m2/repository/org/apache/groovy/groovy/4.0.26/groovy-4.0.26.jar:/home/alendegeraldo/.m2/repository/org/apache/groovy/groovy-xml/4.0.26/groovy-xml-4.0.26.jar:/home/alendegeraldo/.m2/repository/org/apache/httpcomponents/httpclient/4.5.13/httpclient-4.5.13.jar:/home/alendegeraldo/.m2/repository/org/apache/httpcomponents/httpcore/4.4.16/httpcore-4.4.16.jar:/home/alendegeraldo/.m2/repository/commons-logging/commons-logging/1.2/commons-logging-1.2.jar:/home/alendegeraldo/.m2/repository/commons-codec/commons-codec/1.18.0/commons-codec-1.18.0.jar:/home/alendegeraldo/.m2/repository/org/apache/httpcomponents/httpmime/4.5.13/httpmime-4.5.13.jar:/home/alendegeraldo/.m2/repository/org/ccil/cowan/tagsoup/tagsoup/1.2.1/tagsoup-1.2.1.jar:/home/alendegeraldo/.m2/repository/io/rest-assured/json-path/5.5.2/json-path-5.5.2.jar:/home/alendegeraldo/.m2/repository/org/apache/groovy/groovy-json/4.0.26/groovy-json-4.0.26.jar:/home/alendegeraldo/.m2/repository/io/rest-assured/rest-assured-common/5.5.2/rest-assured-common-5.5.2.jar:/home/alendegeraldo/.m2/repository/io/rest-assured/xml-path/5.5.2/xml-path-5.5.2.jar:/home/alendegeraldo/.m2/repository/org/apache/commons/commons-lang3/3.17.0/commons-lang3-3.17.0.jar:"/>
    <property name="java.vm.vendor" value="Red Hat, Inc."/>
    <property name="sun.arch.data.model" value="64"/>
    <property name="java.vendor.url" value="https://www.redhat.com/"/>
    <property name="catalina.useNaming" value="false"/>
    <property name="user.timezone" value="America/Sao_Paulo"/>
    <property name="org.jboss.logging.provider" value="slf4j"/>
    <property name="os.name" value="Linux"/>
    <property name="java.vm.specification.version" value="17"/>
    <property name="APPLICATION_NAME" value="wallet"/>
    <property name="sun.java.launcher" value="SUN_STANDARD"/>
    <property name="user.country" value="BR"/>
    <property name="sun.boot.library.path" value="/usr/lib/jvm/java-17-openjdk/lib"/>
    <property name="sun.java.command" value="/home/alendegeraldo/Downloads/wallet/target/surefire/surefirebooter-20250529233253590_3.jar /home/alendegeraldo/Downloads/wallet/target/surefire 2025-05-29T23-32-53_483-jvmRun1 surefire-20250529233253590_1tmp surefire_0-20250529233253590_2tmp"/>
    <property name="jdk.debug" value="release"/>
    <property name="surefire.test.class.path" value="/home/alendegeraldo/Downloads/wallet/target/test-classes:/home/alendegeraldo/Downloads/wallet/target/classes:/home/alendegeraldo/.m2/repository/org/springframework/boot/spring-boot-starter-data-jpa/3.5.0/spring-boot-starter-data-jpa-3.5.0.jar:/home/alendegeraldo/.m2/repository/org/springframework/boot/spring-boot-starter/3.5.0/spring-boot-starter-3.5.0.jar:/home/alendegeraldo/.m2/repository/org/springframework/boot/spring-boot/3.5.0/spring-boot-3.5.0.jar:/home/alendegeraldo/.m2/repository/org/springframework/boot/spring-boot-autoconfigure/3.5.0/spring-boot-autoconfigure-3.5.0.jar:/home/alendegeraldo/.m2/repository/org/springframework/boot/spring-boot-starter-logging/3.5.0/spring-boot-starter-logging-3.5.0.jar:/home/alendegeraldo/.m2/repository/ch/qos/logback/logback-classic/1.5.18/logback-classic-1.5.18.jar:/home/alendegeraldo/.m2/repository/ch/qos/logback/logback-core/1.5.18/logback-core-1.5.18.jar:/home/alendegeraldo/.m2/repository/org/apache/logging/log4j/log4j-to-slf4j/2.24.3/log4j-to-slf4j-2.24.3.jar:/home/alendegeraldo/.m2/repository/org/apache/logging/log4j/log4j-api/2.24.3/log4j-api-2.24.3.jar:/home/alendegeraldo/.m2/repository/org/slf4j/jul-to-slf4j/2.0.17/jul-to-slf4j-2.0.17.jar:/home/alendegeraldo/.m2/repository/jakarta/annotation/jakarta.annotation-api/2.1.1/jakarta.annotation-api-2.1.1.jar:/home/alendegeraldo/.m2/repository/org/yaml/snakeyaml/2.4/snakeyaml-2.4.jar:/home/alendegeraldo/.m2/repository/org/springframework/boot/spring-boot-starter-jdbc/3.5.0/spring-boot-starter-jdbc-3.5.0.jar:/home/alendegeraldo/.m2/repository/com/zaxxer/HikariCP/6.3.0/HikariCP-6.3.0.jar:/home/alendegeraldo/.m2/repository/org/springframework/spring-jdbc/6.2.7/spring-jdbc-6.2.7.jar:/home/alendegeraldo/.m2/repository/org/hibernate/orm/hibernate-core/6.6.15.Final/hibernate-core-6.6.15.Final.jar:/home/alendegeraldo/.m2/repository/jakarta/persistence/jakarta.persistence-api/3.1.0/jakarta.persistence-api-3.1.0.jar:/home/alendegeraldo/.m2/repository/jakarta/transaction/jakarta.transaction-api/2.0.1/jakarta.transaction-api-2.0.1.jar:/home/alendegeraldo/.m2/repository/org/jboss/logging/jboss-logging/3.6.1.Final/jboss-logging-3.6.1.Final.jar:/home/alendegeraldo/.m2/repository/org/hibernate/common/hibernate-commons-annotations/7.0.3.Final/hibernate-commons-annotations-7.0.3.Final.jar:/home/alendegeraldo/.m2/repository/io/smallrye/jandex/3.2.0/jandex-3.2.0.jar:/home/alendegeraldo/.m2/repository/com/fasterxml/classmate/1.7.0/classmate-1.7.0.jar:/home/alendegeraldo/.m2/repository/org/glassfish/jaxb/jaxb-runtime/4.0.5/jaxb-runtime-4.0.5.jar:/home/alendegeraldo/.m2/repository/org/glassfish/jaxb/jaxb-core/4.0.5/jaxb-core-4.0.5.jar:/home/alendegeraldo/.m2/repository/org/eclipse/angus/angus-activation/2.0.2/angus-activation-2.0.2.jar:/home/alendegeraldo/.m2/repository/org/glassfish/jaxb/txw2/4.0.5/txw2-4.0.5.jar:/home/alendegeraldo/.m2/repository/com/sun/istack/istack-commons-runtime/4.1.2/istack-commons-runtime-4.1.2.jar:/home/alendegeraldo/.m2/repository/jakarta/inject/jakarta.inject-api/2.0.1/jakarta.inject-api-2.0.1.jar:/home/alendegeraldo/.m2/repository/org/antlr/antlr4-runtime/4.13.0/antlr4-runtime-4.13.0.jar:/home/alendegeraldo/.m2/repository/org/springframework/data/spring-data-jpa/3.5.0/spring-data-jpa-3.5.0.jar:/home/alendegeraldo/.m2/repository/org/springframework/data/spring-data-commons/3.5.0/spring-data-commons-3.5.0.jar:/home/alendegeraldo/.m2/repository/org/springframework/spring-orm/6.2.7/spring-orm-6.2.7.jar:/home/alendegeraldo/.m2/repository/org/springframework/spring-context/6.2.7/spring-context-6.2.7.jar:/home/alendegeraldo/.m2/repository/org/springframework/spring-aop/6.2.7/spring-aop-6.2.7.jar:/home/alendegeraldo/.m2/repository/org/springframework/spring-tx/6.2.7/spring-tx-6.2.7.jar:/home/alendegeraldo/.m2/repository/org/springframework/spring-beans/6.2.7/spring-beans-6.2.7.jar:/home/alendegeraldo/.m2/repository/org/slf4j/slf4j-api/2.0.17/slf4j-api-2.0.17.jar:/home/alendegeraldo/.m2/repository/org/springframework/spring-aspects/6.2.7/spring-aspects-6.2.7.jar:/home/alendegeraldo/.m2/repository/org/aspectj/aspectjweaver/1.9.24/aspectjweaver-1.9.24.jar:/home/alendegeraldo/.m2/repository/org/springframework/boot/spring-boot-starter-validation/3.5.0/spring-boot-starter-validation-3.5.0.jar:/home/alendegeraldo/.m2/repository/org/apache/tomcat/embed/tomcat-embed-el/10.1.41/tomcat-embed-el-10.1.41.jar:/home/alendegeraldo/.m2/repository/org/hibernate/validator/hibernate-validator/8.0.2.Final/hibernate-validator-8.0.2.Final.jar:/home/alendegeraldo/.m2/repository/jakarta/validation/jakarta.validation-api/3.0.2/jakarta.validation-api-3.0.2.jar:/home/alendegeraldo/.m2/repository/org/springframework/boot/spring-boot-starter-web/3.5.0/spring-boot-starter-web-3.5.0.jar:/home/alendegeraldo/.m2/repository/org/springframework/boot/spring-boot-starter-json/3.5.0/spring-boot-starter-json-3.5.0.jar:/home/alendegeraldo/.m2/repository/com/fasterxml/jackson/datatype/jackson-datatype-jdk8/2.19.0/jackson-datatype-jdk8-2.19.0.jar:/home/alendegeraldo/.m2/repository/com/fasterxml/jackson/datatype/jackson-datatype-jsr310/2.19.0/jackson-datatype-jsr310-2.19.0.jar:/home/alendegeraldo/.m2/repository/com/fasterxml/jackson/module/jackson-module-parameter-names/2.19.0/jackson-module-parameter-names-2.19.0.jar:/home/alendegeraldo/.m2/repository/org/springframework/boot/spring-boot-starter-tomcat/3.5.0/spring-boot-starter-tomcat-3.5.0.jar:/home/alendegeraldo/.m2/repository/org/apache/tomcat/embed/tomcat-embed-core/10.1.41/tomcat-embed-core-10.1.41.jar:/home/alendegeraldo/.m2/repository/org/apache/tomcat/embed/tomcat-embed-websocket/10.1.41/tomcat-embed-websocket-10.1.41.jar:/home/alendegeraldo/.m2/repository/org/springframework/spring-web/6.2.7/spring-web-6.2.7.jar:/home/alendegeraldo/.m2/repository/org/springframework/spring-webmvc/6.2.7/spring-webmvc-6.2.7.jar:/home/alendegeraldo/.m2/repository/org/springframework/spring-expression/6.2.7/spring-expression-6.2.7.jar:/home/alendegeraldo/.m2/repository/org/postgresql/postgresql/42.7.5/postgresql-42.7.5.jar:/home/alendegeraldo/.m2/repository/org/checkerframework/checker-qual/3.48.3/checker-qual-3.48.3.jar:/home/alendegeraldo/.m2/repository/net/logstash/logback/logstash-logback-encoder/7.4/logstash-logback-encoder-7.4.jar:/home/alendegeraldo/.m2/repository/com/fasterxml/jackson/core/jackson-databind/2.19.0/jackson-databind-2.19.0.jar:/home/alendegeraldo/.m2/repository/com/fasterxml/jackson/core/jackson-annotations/2.19.0/jackson-annotations-2.19.0.jar:/home/alendegeraldo/.m2/repository/com/fasterxml/jackson/core/jackson-core/2.19.0/jackson-core-2.19.0.jar:/home/alendegeraldo/.m2/repository/org/springframework/boot/spring-boot-starter-test/3.5.0/spring-boot-starter-test-3.5.0.jar:/home/alendegeraldo/.m2/repository/org/springframework/boot/spring-boot-test/3.5.0/spring-boot-test-3.5.0.jar:/home/alendegeraldo/.m2/repository/org/springframework/boot/spring-boot-test-autoconfigure/3.5.0/spring-boot-test-autoconfigure-3.5.0.jar:/home/alendegeraldo/.m2/repository/com/jayway/jsonpath/json-path/2.9.0/json-path-2.9.0.jar:/home/alendegeraldo/.m2/repository/jakarta/xml/bind/jakarta.xml.bind-api/4.0.2/jakarta.xml.bind-api-4.0.2.jar:/home/alendegeraldo/.m2/repository/jakarta/activation/jakarta.activation-api/2.1.3/jakarta.activation-api-2.1.3.jar:/home/alendegeraldo/.m2/repository/net/minidev/json-smart/2.5.2/json-smart-2.5.2.jar:/home/alendegeraldo/.m2/repository/net/minidev/accessors-smart/2.5.2/accessors-smart-2.5.2.jar:/home/alendegeraldo/.m2/repository/org/ow2/asm/asm/9.7.1/asm-9.7.1.jar:/home/alendegeraldo/.m2/repository/org/assertj/assertj-core/3.27.3/assertj-core-3.27.3.jar:/home/alendegeraldo/.m2/repository/org/awaitility/awaitility/4.3.0/awaitility-4.3.0.jar:/home/alendegeraldo/.m2/repository/org/hamcrest/hamcrest/3.0/hamcrest-3.0.jar:/home/alendegeraldo/.m2/repository/org/junit/jupiter/junit-jupiter/5.12.2/junit-jupiter-5.12.2.jar:/home/alendegeraldo/.m2/repository/org/junit/jupiter/junit-jupiter-params/5.12.2/junit-jupiter-params-5.12.2.jar:/home/alendegeraldo/.m2/repository/org/junit/jupiter/junit-jupiter-engine/5.12.2/junit-jupiter-engine-5.12.2.jar:/home/alendegeraldo/.m2/repository/org/junit/platform/junit-platform-engine/1.12.2/junit-platform-engine-1.12.2.jar:/home/alendegeraldo/.m2/repository/org/skyscreamer/jsonassert/1.5.3/jsonassert-1.5.3.jar:/home/alendegeraldo/.m2/repository/com/vaadin/external/google/android-json/0.0.20131108.vaadin1/android-json-0.0.20131108.vaadin1.jar:/home/alendegeraldo/.m2/repository/org/springframework/spring-core/6.2.7/spring-core-6.2.7.jar:/home/alendegeraldo/.m2/repository/org/springframework/spring-jcl/6.2.7/spring-jcl-6.2.7.jar:/home/alendegeraldo/.m2/repository/org/springframework/spring-test/6.2.7/spring-test-6.2.7.jar:/home/alendegeraldo/.m2/repository/org/xmlunit/xmlunit-core/2.10.1/xmlunit-core-2.10.1.jar:/home/alendegeraldo/.m2/repository/org/mockito/mockito-core/5.17.0/mockito-core-5.17.0.jar:/home/alendegeraldo/.m2/repository/net/bytebuddy/byte-buddy/1.17.5/byte-buddy-1.17.5.jar:/home/alendegeraldo/.m2/repository/net/bytebuddy/byte-buddy-agent/1.17.5/byte-buddy-agent-1.17.5.jar:/home/alendegeraldo/.m2/repository/org/objenesis/objenesis/3.3/objenesis-3.3.jar:/home/alendegeraldo/.m2/repository/org/mockito/mockito-junit-jupiter/5.17.0/mockito-junit-jupiter-5.17.0.jar:/home/alendegeraldo/.m2/repository/org/junit/jupiter/junit-jupiter-api/5.12.2/junit-jupiter-api-5.12.2.jar:/home/alendegeraldo/.m2/repository/org/opentest4j/opentest4j/1.3.0/opentest4j-1.3.0.jar:/home/alendegeraldo/.m2/repository/org/junit/platform/junit-platform-commons/1.12.2/junit-platform-commons-1.12.2.jar:/home/alendegeraldo/.m2/repository/org/apiguardian/apiguardian-api/1.1.2/apiguardian-api-1.1.2.jar:/home/alendegeraldo/.m2/repository/org/springdoc/springdoc-openapi-starter-webmvc-ui/2.8.8/springdoc-openapi-starter-webmvc-ui-2.8.8.jar:/home/alendegeraldo/.m2/repository/org/springdoc/springdoc-openapi-starter-webmvc-api/2.8.8/springdoc-openapi-starter-webmvc-api-2.8.8.jar:/home/alendegeraldo/.m2/repository/org/springdoc/springdoc-openapi-starter-common/2.8.8/springdoc-openapi-starter-common-2.8.8.jar:/home/alendegeraldo/.m2/repository/io/swagger/core/v3/swagger-core-jakarta/2.2.30/swagger-core-jakarta-2.2.30.jar:/home/alendegeraldo/.m2/repository/io/swagger/core/v3/swagger-annotations-jakarta/2.2.30/swagger-annotations-jakarta-2.2.30.jar:/home/alendegeraldo/.m2/repository/io/swagger/core/v3/swagger-models-jakarta/2.2.30/swagger-models-jakarta-2.2.30.jar:/home/alendegeraldo/.m2/repository/com/fasterxml/jackson/dataformat/jackson-dataformat-yaml/2.19.0/jackson-dataformat-yaml-2.19.0.jar:/home/alendegeraldo/.m2/repository/org/webjars/swagger-ui/5.21.0/swagger-ui-5.21.0.jar:/home/alendegeraldo/.m2/repository/org/webjars/webjars-locator-lite/1.1.0/webjars-locator-lite-1.1.0.jar:/home/alendegeraldo/.m2/repository/org/jspecify/jspecify/1.0.0/jspecify-1.0.0.jar:/home/alendegeraldo/.m2/repository/org/springframework/boot/spring-boot-starter-actuator/3.5.0/spring-boot-starter-actuator-3.5.0.jar:/home/alendegeraldo/.m2/repository/org/springframework/boot/spring-boot-actuator-autoconfigure/3.5.0/spring-boot-actuator-autoconfigure-3.5.0.jar:/home/alendegeraldo/.m2/repository/org/springframework/boot/spring-boot-actuator/3.5.0/spring-boot-actuator-3.5.0.jar:/home/alendegeraldo/.m2/repository/io/micrometer/micrometer-observation/1.15.0/micrometer-observation-1.15.0.jar:/home/alendegeraldo/.m2/repository/io/micrometer/micrometer-commons/1.15.0/micrometer-commons-1.15.0.jar:/home/alendegeraldo/.m2/repository/io/micrometer/micrometer-jakarta9/1.15.0/micrometer-jakarta9-1.15.0.jar:/home/alendegeraldo/.m2/repository/io/micrometer/micrometer-core/1.15.0/micrometer-core-1.15.0.jar:/home/alendegeraldo/.m2/repository/org/hdrhistogram/HdrHistogram/2.2.2/HdrHistogram-2.2.2.jar:/home/alendegeraldo/.m2/repository/org/latencyutils/LatencyUtils/2.0.3/LatencyUtils-2.0.3.jar:/home/alendegeraldo/.m2/repository/org/testcontainers/junit-jupiter/1.21.0/junit-jupiter-1.21.0.jar:/home/alendegeraldo/.m2/repository/org/testcontainers/testcontainers/1.21.0/testcontainers-1.21.0.jar:/home/alendegeraldo/.m2/repository/junit/junit/4.13.2/junit-4.13.2.jar:/home/alendegeraldo/.m2/repository/org/hamcrest/hamcrest-core/3.0/hamcrest-core-3.0.jar:/home/alendegeraldo/.m2/repository/org/apache/commons/commons-compress/1.24.0/commons-compress-1.24.0.jar:/home/alendegeraldo/.m2/repository/org/rnorth/duct-tape/duct-tape/1.0.8/duct-tape-1.0.8.jar:/home/alendegeraldo/.m2/repository/org/jetbrains/annotations/17.0.0/annotations-17.0.0.jar:/home/alendegeraldo/.m2/repository/com/github/docker-java/docker-java-api/3.4.2/docker-java-api-3.4.2.jar:/home/alendegeraldo/.m2/repository/com/github/docker-java/docker-java-transport-zerodep/3.4.2/docker-java-transport-zerodep-3.4.2.jar:/home/alendegeraldo/.m2/repository/com/github/docker-java/docker-java-transport/3.4.2/docker-java-transport-3.4.2.jar:/home/alendegeraldo/.m2/repository/net/java/dev/jna/jna/5.13.0/jna-5.13.0.jar:/home/alendegeraldo/.m2/repository/org/testcontainers/postgresql/1.21.0/postgresql-1.21.0.jar:/home/alendegeraldo/.m2/repository/org/testcontainers/jdbc/1.21.0/jdbc-1.21.0.jar:/home/alendegeraldo/.m2/repository/org/testcontainers/database-commons/1.21.0/database-commons-1.21.0.jar:/home/alendegeraldo/.m2/repository/io/rest-assured/rest-assured/5.5.2/rest-assured-5.5.2.jar:/home/alendegeraldo/.m2/repository/org/apache/groovy/groovy/4.0.26/groovy-4.0.26.jar:/home/alendegeraldo/.m2/repository/org/apache/groovy/groovy-xml/4.0.26/groovy-xml-4.0.26.jar:/home/alendegeraldo/.m2/repository/org/apache/httpcomponents/httpclient/4.5.13/httpclient-4.5.13.jar:/home/alendegeraldo/.m2/repository/org/apache/httpcomponents/httpcore/4.4.16/httpcore-4.4.16.jar:/home/alendegeraldo/.m2/repository/commons-logging/commons-logging/1.2/commons-logging-1.2.jar:/home/alendegeraldo/.m2/repository/commons-codec/commons-codec/1.18.0/commons-codec-1.18.0.jar:/home/alendegeraldo/.m2/repository/org/apache/httpcomponents/httpmime/4.5.13/httpmime-4.5.13.jar:/home/alendegeraldo/.m2/repository/org/ccil/cowan/tagsoup/tagsoup/1.2.1/tagsoup-1.2.1.jar:/home/alendegeraldo/.m2/repository/io/rest-assured/json-path/5.5.2/json-path-5.5.2.jar:/home/alendegeraldo/.m2/repository/org/apache/groovy/groovy-json/4.0.26/groovy-json-4.0.26.jar:/home/alendegeraldo/.m2/repository/io/rest-assured/rest-assured-common/5.5.2/rest-assured-common-5.5.2.jar:/home/alendegeraldo/.m2/repository/io/rest-assured/xml-path/5.5.2/xml-path-5.5.2.jar:/home/alendegeraldo/.m2/repository/org/apache/commons/commons-lang3/3.17.0/commons-lang3-3.17.0.jar:"/>
    <property name="sun.cpu.endian" value="little"/>
    <property name="user.home" value="/home/alendegeraldo"/>
    <property name="user.language" value="pt"/>
    <property name="java.specification.vendor" value="Oracle Corporation"/>
    <property name="java.version.date" value="2025-04-15"/>
    <property name="java.home" value="/usr/lib/jvm/java-17-openjdk"/>
    <property name="file.separator" value="/"/>
    <property name="basedir" value="/home/alendegeraldo/Downloads/wallet"/>
    <property name="java.vm.compressedOopsMode" value="Zero based"/>
    <property name="line.separator" value="&#10;"/>
    <property name="java.specification.name" value="Java Platform API Specification"/>
    <property name="java.vm.specification.vendor" value="Oracle Corporation"/>
    <property name="FILE_LOG_CHARSET" value="UTF-8"/>
    <property name="java.awt.headless" value="true"/>
    <property name="surefire.real.class.path" value="/home/alendegeraldo/Downloads/wallet/target/surefire/surefirebooter-20250529233253590_3.jar"/>
    <property name="sun.management.compiler" value="HotSpot 64-Bit Tiered Compilers"/>
    <property name="java.runtime.version" value="17.0.15+6"/>
    <property name="user.name" value="alendegeraldo"/>
    <property name="path.separator" value=":"/>
    <property name="os.version" value="6.14.5-100.fc40.x86_64"/>
    <property name="java.runtime.name" value="OpenJDK Runtime Environment"/>
    <property name="file.encoding" value="UTF-8"/>
    <property name="java.vm.name" value="OpenJDK 64-Bit Server VM"/>
    <property name="java.vendor.version" value="(Red_Hat-17.0.15.0.6-1)"/>
    <property name="localRepository" value="/home/alendegeraldo/.m2/repository"/>
    <property name="java.vendor.url.bug" value="https://bugzilla.redhat.com/enter_bug.cgi?product=Fedora&amp;component=java-17-openjdk&amp;version=40"/>
    <property name="java.io.tmpdir" value="/tmp"/>
    <property name="catalina.home" value="/tmp/tomcat.0.12880411760617337556"/>
    <property name="com.zaxxer.hikari.pool_number" value="1"/>
    <property name="java.version" value="17.0.15"/>
    <property name="user.dir" value="/home/alendegeraldo/Downloads/wallet"/>
    <property name="os.arch" value="amd64"/>
    <property name="java.vm.specification.name" value="Java Virtual Machine Specification"/>
    <property name="PID" value="14336"/>
    <property name="CONSOLE_LOG_CHARSET" value="UTF-8"/>
    <property name="catalina.base" value="/tmp/tomcat.0.12880411760617337556"/>
    <property name="native.encoding" value="UTF-8"/>
    <property name="java.library.path" value="/usr/java/packages/lib:/usr/lib64:/lib64:/lib:/usr/lib"/>
    <property name="java.vm.info" value="mixed mode, sharing"/>
    <property name="java.vendor" value="Red Hat, Inc."/>
    <property name="java.vm.version" value="17.0.15+6"/>
    <property name="java.specification.maintenance.version" value="1"/>
    <property name="sun.io.unicode.encoding" value="UnicodeLittle"/>
    <property name="java.class.version" value="61.0"/>
    <property name="LOGGED_APPLICATION_NAME" value="[wallet] "/>
  </properties>
  <testcase name="testCreateWallet" classname="com.example.wallet.service.it.WalletControllerITTest" time="2.265">
    <system-out><![CDATA[23:32:55.928 [main] INFO org.springframework.test.context.support.AnnotationConfigContextLoaderUtils -- Could not detect default configuration classes for test class [com.example.wallet.service.it.WalletControllerITTest]: WalletControllerITTest does not declare any static, non-private, non-final, nested classes annotated with @Configuration.
23:32:56.118 [main] INFO org.springframework.boot.test.context.SpringBootTestContextBootstrapper -- Found @SpringBootConfiguration com.example.wallet.WalletApplication for test class com.example.wallet.service.it.WalletControllerITTest
23:32:56.303 [main] INFO org.testcontainers.images.PullPolicy -- Image pull policy will be performed by: DefaultPullPolicy()
23:32:56.307 [main] INFO org.testcontainers.utility.ImageNameSubstitutor -- Image name substitution will be performed by: DefaultImageNameSubstitutor (composite of 'ConfigurationFileImageNameSubstitutor' and 'PrefixingImageNameSubstitutor')
23:32:56.317 [main] INFO org.testcontainers.DockerClientFactory -- Testcontainers version: 1.21.0
23:32:56.628 [main] INFO org.testcontainers.dockerclient.DockerClientProviderStrategy -- Loaded org.testcontainers.dockerclient.RootlessDockerClientProviderStrategy from ~/.testcontainers.properties, will try it first
23:32:57.010 [main] INFO org.testcontainers.dockerclient.DockerClientProviderStrategy -- Found Docker environment with Rootless Docker accessed via Unix socket (/run/user/1000/docker.sock)
23:32:57.011 [main] INFO org.testcontainers.DockerClientFactory -- Docker host IP address is localhost
23:32:57.035 [main] INFO org.testcontainers.DockerClientFactory -- Connected to docker: 
  Server Version: 28.1.1
  API Version: 1.49
  Operating System: Fedora Linux 40 (Workstation Edition)
  Total Memory: 15720 MB
23:32:57.085 [main] INFO tc.testcontainers/ryuk:0.11.0 -- Creating container for image: testcontainers/ryuk:0.11.0
23:32:57.240 [main] INFO tc.testcontainers/ryuk:0.11.0 -- Container testcontainers/ryuk:0.11.0 is starting: 8b83deb0dff00b2041bbf1ea2c6a73205786d379686ccaba11b2324145c956d6
23:32:57.620 [main] INFO tc.testcontainers/ryuk:0.11.0 -- Container testcontainers/ryuk:0.11.0 started in PT0.535222527S
23:32:57.627 [main] INFO org.testcontainers.utility.RyukResourceReaper -- Ryuk started - will monitor and terminate Testcontainers containers on JVM exit
23:32:57.627 [main] INFO org.testcontainers.DockerClientFactory -- Checking the system...
23:32:57.628 [main] INFO org.testcontainers.DockerClientFactory -- ✔︎ Docker server version should be at least 1.6.0
23:32:57.630 [main] INFO tc.postgres:16-alpine -- Creating container for image: postgres:16-alpine
23:32:57.662 [main] INFO tc.postgres:16-alpine -- Container postgres:16-alpine is starting: 0fa7a28fa17ea3fec68bad721d9fa2063c6fe5d21233ea10157050ca4e4b6ab6
23:33:00.788 [main] INFO tc.postgres:16-alpine -- Container postgres:16-alpine started in PT3.158148291S
23:33:00.789 [main] INFO tc.postgres:16-alpine -- Container is started (JDBC URL: jdbc:postgresql://localhost:32789/test?loggerLevel=OFF)

  .   ____          _            __ _ _
 /\\ / ___'_ __ _ _(_)_ __  __ _ \ \ \ \
( ( )\___ | '_ | '_| | '_ \/ _` | \ \ \ \
 \\/  ___)| |_)| | | | | || (_| |  ) ) ) )
  '  |____| .__|_| |_|_| |_\__, | / / / /
 =========|_|==============|___/=/_/_/_/

 :: Spring Boot ::                (v3.5.0)

{"timestamp":"2025-05-29T23:33:01.483-0300","level":"INFO","logger":"org.hibernate.validator.internal.util.Version","thread":"background-preinit","message":"HV000001: Hibernate Validator 8.0.2.Final","context":""}
{"timestamp":"2025-05-29T23:33:01.570-0300","level":"INFO","logger":"com.example.wallet.service.it.WalletControllerITTest","thread":"main","message":"Starting WalletControllerITTest using Java 17.0.15 with PID 14336 (started by alendegeraldo in /home/alendegeraldo/Downloads/wallet)","context":""}
{"timestamp":"2025-05-29T23:33:01.572-0300","level":"INFO","logger":"com.example.wallet.service.it.WalletControllerITTest","thread":"main","message":"No active profile set, falling back to 1 default profile: \"default\"","context":""}
{"timestamp":"2025-05-29T23:33:03.140-0300","level":"INFO","logger":"org.springframework.data.repository.config.RepositoryConfigurationDelegate","thread":"main","message":"Bootstrapping Spring Data JPA repositories in DEFAULT mode.","context":""}
{"timestamp":"2025-05-29T23:33:03.227-0300","level":"INFO","logger":"org.springframework.data.repository.config.RepositoryConfigurationDelegate","thread":"main","message":"Finished Spring Data repository scanning in 71 ms. Found 2 JPA repository interfaces.","context":""}
{"timestamp":"2025-05-29T23:33:04.012-0300","level":"INFO","logger":"org.springframework.boot.web.embedded.tomcat.TomcatWebServer","thread":"main","message":"Tomcat initialized with port 0 (http)","context":""}
{"timestamp":"2025-05-29T23:33:04.029-0300","level":"INFO","logger":"org.apache.coyote.http11.Http11NioProtocol","thread":"main","message":"Initializing ProtocolHandler [\"http-nio-auto-1\"]","context":""}
{"timestamp":"2025-05-29T23:33:04.031-0300","level":"INFO","logger":"org.apache.catalina.core.StandardService","thread":"main","message":"Starting service [Tomcat]","context":""}
{"timestamp":"2025-05-29T23:33:04.032-0300","level":"INFO","logger":"org.apache.catalina.core.StandardEngine","thread":"main","message":"Starting Servlet engine: [Apache Tomcat/10.1.41]","context":""}
{"timestamp":"2025-05-29T23:33:04.122-0300","level":"INFO","logger":"org.apache.catalina.core.ContainerBase.[Tomcat].[localhost].[/]","thread":"main","message":"Initializing Spring embedded WebApplicationContext","context":""}
{"timestamp":"2025-05-29T23:33:04.123-0300","level":"INFO","logger":"org.springframework.boot.web.servlet.context.ServletWebServerApplicationContext","thread":"main","message":"Root WebApplicationContext: initialization completed in 2251 ms","context":""}
{"timestamp":"2025-05-29T23:33:04.529-0300","level":"INFO","logger":"org.hibernate.jpa.internal.util.LogHelper","thread":"main","message":"HHH000204: Processing PersistenceUnitInfo [name: default]","context":""}
{"timestamp":"2025-05-29T23:33:04.588-0300","level":"INFO","logger":"org.hibernate.Version","thread":"main","message":"HHH000412: Hibernate ORM core version 6.6.15.Final","context":""}
{"timestamp":"2025-05-29T23:33:04.631-0300","level":"INFO","logger":"org.hibernate.cache.internal.RegionFactoryInitiator","thread":"main","message":"HHH000026: Second-level cache disabled","context":""}
{"timestamp":"2025-05-29T23:33:04.785-0300","level":"INFO","logger":"org.springframework.orm.jpa.persistenceunit.SpringPersistenceUnitInfo","thread":"main","message":"No LoadTimeWeaver setup: ignoring JPA class transformer","context":""}
{"timestamp":"2025-05-29T23:33:04.837-0300","level":"INFO","logger":"com.zaxxer.hikari.HikariDataSource","thread":"main","message":"HikariPool-1 - Starting...","context":""}
{"timestamp":"2025-05-29T23:33:05.105-0300","level":"INFO","logger":"com.zaxxer.hikari.pool.HikariPool","thread":"main","message":"HikariPool-1 - Added connection org.postgresql.jdbc.PgConnection@4c2812aa","context":""}
{"timestamp":"2025-05-29T23:33:05.107-0300","level":"INFO","logger":"com.zaxxer.hikari.HikariDataSource","thread":"main","message":"HikariPool-1 - Start completed.","context":""}
{"timestamp":"2025-05-29T23:33:05.150-0300","level":"WARN","logger":"org.hibernate.orm.deprecation","thread":"main","message":"HHH90000025: PostgreSQLDialect does not need to be specified explicitly using 'hibernate.dialect' (remove the property setting and it will be selected by default)","context":""}
{"timestamp":"2025-05-29T23:33:05.186-0300","level":"INFO","logger":"org.hibernate.orm.connections.pooling","thread":"main","message":"HHH10001005: Database info:\n\tDatabase JDBC URL [Connecting through datasource 'HikariDataSource (HikariPool-1)']\n\tDatabase driver: undefined/unknown\n\tDatabase version: 16.9\n\tAutocommit mode: undefined/unknown\n\tIsolation level: undefined/unknown\n\tMinimum pool size: undefined/unknown\n\tMaximum pool size: undefined/unknown","context":""}
{"timestamp":"2025-05-29T23:33:06.244-0300","level":"INFO","logger":"org.hibernate.engine.transaction.jta.platform.internal.JtaPlatformInitiator","thread":"main","message":"HHH000489: No JTA platform available (set 'hibernate.transaction.jta.platform' to enable JTA platform integration)","context":""}
{"timestamp":"2025-05-29T23:33:06.338-0300","level":"WARN","logger":"org.hibernate.engine.jdbc.spi.SqlExceptionHelper","thread":"main","message":"SQL Warning Code: 0, SQLState: 00000","context":""}
{"timestamp":"2025-05-29T23:33:06.338-0300","level":"WARN","logger":"org.hibernate.engine.jdbc.spi.SqlExceptionHelper","thread":"main","message":"constraint \"ukarq0cvgdtjn8vkumfscpnqdtw\" of relation \"wallet\" does not exist, skipping","context":""}
{"timestamp":"2025-05-29T23:33:06.347-0300","level":"INFO","logger":"org.springframework.orm.jpa.LocalContainerEntityManagerFactoryBean","thread":"main","message":"Initialized JPA EntityManagerFactory for persistence unit 'default'","context":""}
{"timestamp":"2025-05-29T23:33:06.965-0300","level":"WARN","logger":"org.springframework.boot.autoconfigure.orm.jpa.JpaBaseConfiguration$JpaWebConfiguration","thread":"main","message":"spring.jpa.open-in-view is enabled by default. Therefore, database queries may be performed during view rendering. Explicitly configure spring.jpa.open-in-view to disable this warning","context":""}
{"timestamp":"2025-05-29T23:33:07.832-0300","level":"INFO","logger":"org.springframework.boot.actuate.endpoint.web.EndpointLinksResolver","thread":"main","message":"Exposing 1 endpoint beneath base path '/actuator'","context":""}
{"timestamp":"2025-05-29T23:33:08.137-0300","level":"INFO","logger":"org.apache.coyote.http11.Http11NioProtocol","thread":"main","message":"Starting ProtocolHandler [\"http-nio-auto-1\"]","context":""}
{"timestamp":"2025-05-29T23:33:08.153-0300","level":"INFO","logger":"org.springframework.boot.web.embedded.tomcat.TomcatWebServer","thread":"main","message":"Tomcat started on port 43029 (http) with context path '/'","context":""}
{"timestamp":"2025-05-29T23:33:08.189-0300","level":"INFO","logger":"com.example.wallet.service.it.WalletControllerITTest","thread":"main","message":"Started WalletControllerITTest in 7.364 seconds (process running for 14.494)","context":""}
{"timestamp":"2025-05-29T23:33:09.605-0300","level":"INFO","logger":"org.apache.catalina.core.ContainerBase.[Tomcat].[localhost].[/]","thread":"http-nio-auto-1-exec-1","message":"Initializing Spring DispatcherServlet 'dispatcherServlet'","context":""}
{"timestamp":"2025-05-29T23:33:09.606-0300","level":"INFO","logger":"org.springframework.web.servlet.DispatcherServlet","thread":"http-nio-auto-1-exec-1","message":"Initializing Servlet 'dispatcherServlet'","context":""}
{"timestamp":"2025-05-29T23:33:09.609-0300","level":"INFO","logger":"org.springframework.web.servlet.DispatcherServlet","thread":"http-nio-auto-1-exec-1","message":"Completed initialization in 2 ms","context":""}
{"timestamp":"2025-05-29T23:33:09.748-0300","level":"INFO","logger":"com.example.wallet.serviceImpl.WalletServiceImpl","thread":"http-nio-auto-1-exec-1","message":"Created a new wallet","context":"requestId=11d53de0-2e2b-4c44-8260-440a697176a3"}
]]></system-out>
  </testcase>
  <testcase name="shouldDepositSuccessfully" classname="com.example.wallet.service.it.WalletControllerITTest" time="0.214">
    <system-out><![CDATA[{"timestamp":"2025-05-29T23:33:10.551-0300","level":"INFO","logger":"com.example.wallet.serviceImpl.WalletServiceImpl","thread":"main","message":"Created a new wallet","context":""}
{"timestamp":"2025-05-29T23:33:10.628-0300","level":"INFO","logger":"com.example.wallet.serviceImpl.WalletServiceImpl","thread":"http-nio-auto-1-exec-2","message":"Depositing value into the wallet","context":"requestId=8d02f9a4-e43d-46ba-8927-5961ba9f476c"}
{"timestamp":"2025-05-29T23:33:10.677-0300","level":"INFO","logger":"com.example.wallet.serviceImpl.TransationServiceImpl","thread":"http-nio-auto-1-exec-2","message":"Recording the deposit transaction","context":"requestId=8d02f9a4-e43d-46ba-8927-5961ba9f476c"}
{"timestamp":"2025-05-29T23:33:10.685-0300","level":"INFO","logger":"com.example.wallet.serviceImpl.TransationServiceImpl","thread":"http-nio-auto-1-exec-2","message":"Wallet 2 deposit amount 10 with operator code AD","context":"requestId=8d02f9a4-e43d-46ba-8927-5961ba9f476c"}
]]></system-out>
  </testcase>
  <testcase name="shouldFailDepositWithInvalidAmount" classname="com.example.wallet.service.it.WalletControllerITTest" time="0.116">
    <system-out><![CDATA[{"timestamp":"2025-05-29T23:33:10.773-0300","level":"INFO","logger":"com.example.wallet.serviceImpl.WalletServiceImpl","thread":"main","message":"Created a new wallet","context":""}
]]></system-out>
  </testcase>
  <testcase name="shouldFailTransferWithInsufficientFunds" classname="com.example.wallet.service.it.WalletControllerITTest" time="0.137">
    <system-out><![CDATA[{"timestamp":"2025-05-29T23:33:10.873-0300","level":"INFO","logger":"com.example.wallet.serviceImpl.WalletServiceImpl","thread":"main","message":"Created a new wallet","context":""}
{"timestamp":"2025-05-29T23:33:10.878-0300","level":"INFO","logger":"com.example.wallet.serviceImpl.WalletServiceImpl","thread":"main","message":"Created a new wallet","context":""}
{"timestamp":"2025-05-29T23:33:10.882-0300","level":"INFO","logger":"com.example.wallet.serviceImpl.WalletServiceImpl","thread":"main","message":"Depositing value into the wallet","context":""}
{"timestamp":"2025-05-29T23:33:10.889-0300","level":"INFO","logger":"com.example.wallet.serviceImpl.TransationServiceImpl","thread":"main","message":"Recording the deposit transaction","context":""}
{"timestamp":"2025-05-29T23:33:10.892-0300","level":"INFO","logger":"com.example.wallet.serviceImpl.TransationServiceImpl","thread":"main","message":"Wallet 4 deposit amount 10 with operator code OPC","context":""}
{"timestamp":"2025-05-29T23:33:10.942-0300","level":"INFO","logger":"com.example.wallet.serviceImpl.WalletServiceImpl","thread":"http-nio-auto-1-exec-4","message":"Starting the transfer of values","context":"requestId=d63a6c59-d51e-440b-be2f-4a278a25ed20"}
{"timestamp":"2025-05-29T23:33:10.961-0300","level":"ERROR","logger":"com.example.wallet.exceptionhandler.GlobalControllerExceptionHandler","thread":"http-nio-auto-1-exec-4","message":"Insufficient balance to carry out the operation.","context":"requestId=d63a6c59-d51e-440b-be2f-4a278a25ed20"}
]]></system-out>
  </testcase>
  <testcase name="shouldReturnNotFoundWhenGettingBalanceOfInvalidId" classname="com.example.wallet.service.it.WalletControllerITTest" time="0.068">
    <system-out><![CDATA[{"timestamp":"2025-05-29T23:33:11.049-0300","level":"INFO","logger":"com.example.wallet.serviceImpl.WalletServiceImpl","thread":"http-nio-auto-1-exec-5","message":"Retrieve the current balance of a user's wallet","context":"requestId=6faae6ae-ea3e-4b64-9071-5dfac4a93686"}
{"timestamp":"2025-05-29T23:33:11.056-0300","level":"ERROR","logger":"com.example.wallet.exceptionhandler.GlobalControllerExceptionHandler","thread":"http-nio-auto-1-exec-5","message":"Wallet with ID 99999 not found.","context":"requestId=6faae6ae-ea3e-4b64-9071-5dfac4a93686"}
]]></system-out>
  </testcase>
  <testcase name="shouldWithdrawSuccessfully" classname="com.example.wallet.service.it.WalletControllerITTest" time="0.101">
    <system-out><![CDATA[{"timestamp":"2025-05-29T23:33:11.083-0300","level":"INFO","logger":"com.example.wallet.serviceImpl.WalletServiceImpl","thread":"main","message":"Created a new wallet","context":""}
{"timestamp":"2025-05-29T23:33:11.087-0300","level":"INFO","logger":"com.example.wallet.serviceImpl.WalletServiceImpl","thread":"main","message":"Depositing value into the wallet","context":""}
{"timestamp":"2025-05-29T23:33:11.096-0300","level":"INFO","logger":"com.example.wallet.serviceImpl.TransationServiceImpl","thread":"main","message":"Recording the deposit transaction","context":""}
{"timestamp":"2025-05-29T23:33:11.099-0300","level":"INFO","logger":"com.example.wallet.serviceImpl.TransationServiceImpl","thread":"main","message":"Wallet 6 deposit amount 10 with operator code code12&3","context":""}
{"timestamp":"2025-05-29T23:33:11.125-0300","level":"INFO","logger":"com.example.wallet.serviceImpl.WalletServiceImpl","thread":"http-nio-auto-1-exec-6","message":"Starting the withdrawal of funds","context":"requestId=faa62072-68df-4598-94aa-afa959fb32c7"}
{"timestamp":"2025-05-29T23:33:11.138-0300","level":"INFO","logger":"com.example.wallet.serviceImpl.TransationServiceImpl","thread":"http-nio-auto-1-exec-6","message":"Withdrawing funds from the wallet","context":"requestId=faa62072-68df-4598-94aa-afa959fb32c7"}
{"timestamp":"2025-05-29T23:33:11.142-0300","level":"INFO","logger":"com.example.wallet.serviceImpl.TransationServiceImpl","thread":"http-nio-auto-1-exec-6","message":"Wallet 6 withdraw amount 1 with operator code code12l","context":"requestId=faa62072-68df-4598-94aa-afa959fb32c7"}
]]></system-out>
  </testcase>
  <testcase name="shouldGetBalanceSuccessfully" classname="com.example.wallet.service.it.WalletControllerITTest" time="0.084">
    <system-out><![CDATA[{"timestamp":"2025-05-29T23:33:11.193-0300","level":"INFO","logger":"com.example.wallet.serviceImpl.WalletServiceImpl","thread":"main","message":"Created a new wallet","context":""}
{"timestamp":"2025-05-29T23:33:11.197-0300","level":"INFO","logger":"com.example.wallet.serviceImpl.WalletServiceImpl","thread":"main","message":"Depositing value into the wallet","context":""}
{"timestamp":"2025-05-29T23:33:11.204-0300","level":"INFO","logger":"com.example.wallet.serviceImpl.TransationServiceImpl","thread":"main","message":"Recording the deposit transaction","context":""}
{"timestamp":"2025-05-29T23:33:11.207-0300","level":"INFO","logger":"com.example.wallet.serviceImpl.TransationServiceImpl","thread":"main","message":"Wallet 7 deposit amount 120.00 with operator code code12&3","context":""}
{"timestamp":"2025-05-29T23:33:11.222-0300","level":"INFO","logger":"com.example.wallet.serviceImpl.WalletServiceImpl","thread":"http-nio-auto-1-exec-7","message":"Retrieve the current balance of a user's wallet","context":"requestId=1c450a4a-ffe6-4029-a9d6-7aa52502adc3"}
]]></system-out>
  </testcase>
  <testcase name="shouldTransferSuccessfully" classname="com.example.wallet.service.it.WalletControllerITTest" time="0.127">
    <system-out><![CDATA[{"timestamp":"2025-05-29T23:33:11.275-0300","level":"INFO","logger":"com.example.wallet.serviceImpl.WalletServiceImpl","thread":"main","message":"Created a new wallet","context":""}
{"timestamp":"2025-05-29T23:33:11.280-0300","level":"INFO","logger":"com.example.wallet.serviceImpl.WalletServiceImpl","thread":"main","message":"Created a new wallet","context":""}
{"timestamp":"2025-05-29T23:33:11.285-0300","level":"INFO","logger":"com.example.wallet.serviceImpl.WalletServiceImpl","thread":"main","message":"Depositing value into the wallet","context":""}
{"timestamp":"2025-05-29T23:33:11.293-0300","level":"INFO","logger":"com.example.wallet.serviceImpl.TransationServiceImpl","thread":"main","message":"Recording the deposit transaction","context":""}
{"timestamp":"2025-05-29T23:33:11.297-0300","level":"INFO","logger":"com.example.wallet.serviceImpl.TransationServiceImpl","thread":"main","message":"Wallet 8 deposit amount 110 with operator code OPC","context":""}
{"timestamp":"2025-05-29T23:33:11.337-0300","level":"INFO","logger":"com.example.wallet.serviceImpl.WalletServiceImpl","thread":"http-nio-auto-1-exec-8","message":"Starting the transfer of values","context":"requestId=9d5fd663-399b-412c-855b-adf0708ad884"}
{"timestamp":"2025-05-29T23:33:11.349-0300","level":"INFO","logger":"com.example.wallet.serviceImpl.TransationServiceImpl","thread":"http-nio-auto-1-exec-8","message":"Transfer of funds","context":"requestId=9d5fd663-399b-412c-855b-adf0708ad884"}
{"timestamp":"2025-05-29T23:33:11.353-0300","level":"INFO","logger":"com.example.wallet.serviceImpl.TransationServiceImpl","thread":"http-nio-auto-1-exec-8","message":"Wallet 8 transfer Amount 110 OperatorCode OPCA","context":"requestId=9d5fd663-399b-412c-855b-adf0708ad884"}
{"timestamp":"2025-05-29T23:33:11.358-0300","level":"INFO","logger":"com.example.wallet.serviceImpl.TransationServiceImpl","thread":"http-nio-auto-1-exec-8","message":"Wallet 8 sent an amount to wallet 9 in the amount of 110 with operator code OPCA","context":"requestId=9d5fd663-399b-412c-855b-adf0708ad884"}
]]></system-out>
  </testcase>
  <testcase name="shouldFailWithdrawWithInsufficientFunds" classname="com.example.wallet.service.it.WalletControllerITTest" time="0.109">
    <system-out><![CDATA[{"timestamp":"2025-05-29T23:33:11.409-0300","level":"INFO","logger":"com.example.wallet.serviceImpl.WalletServiceImpl","thread":"main","message":"Created a new wallet","context":""}
{"timestamp":"2025-05-29T23:33:11.413-0300","level":"INFO","logger":"com.example.wallet.serviceImpl.WalletServiceImpl","thread":"main","message":"Depositing value into the wallet","context":""}
{"timestamp":"2025-05-29T23:33:11.421-0300","level":"INFO","logger":"com.example.wallet.serviceImpl.TransationServiceImpl","thread":"main","message":"Recording the deposit transaction","context":""}
{"timestamp":"2025-05-29T23:33:11.425-0300","level":"INFO","logger":"com.example.wallet.serviceImpl.TransationServiceImpl","thread":"main","message":"Wallet 10 deposit amount 11 with operator code code124","context":""}
{"timestamp":"2025-05-29T23:33:11.456-0300","level":"INFO","logger":"com.example.wallet.serviceImpl.WalletServiceImpl","thread":"http-nio-auto-1-exec-9","message":"Starting the withdrawal of funds","context":"requestId=c63ce53b-84fa-4306-b0f1-390a6a75dfa5"}
{"timestamp":"2025-05-29T23:33:11.466-0300","level":"ERROR","logger":"com.example.wallet.exceptionhandler.GlobalControllerExceptionHandler","thread":"http-nio-auto-1-exec-9","message":"Insufficient balance to carry out the operation.","context":"requestId=c63ce53b-84fa-4306-b0f1-390a6a75dfa5"}
]]></system-out>
  </testcase>
</testsuite>