<?xml version="1.0" encoding="UTF-8"?>
<testsuite xmlns:xsi="http://www.w3.org/2001/XMLSchema-instance" xsi:noNamespaceSchemaLocation="https://maven.apache.org/surefire/maven-surefire-plugin/xsd/surefire-test-report.xsd" version="3.0.2" name="com.example.wallet.service.WalletServiceTest" time="0.222" tests="7" errors="0" skipped="0" failures="0">
  <properties>
    <property name="java.specification.version" value="17"/>
    <property name="sun.jnu.encoding" value="UTF-8"/>
    <property name="java.class.path" value="/home/alendegeraldo/Downloads/wallet/target/test-classes:/home/alendegeraldo/Downloads/wallet/target/classes:/home/alendegeraldo/.m2/repository/org/springframework/boot/spring-boot-starter-data-jpa/3.5.0/spring-boot-starter-data-jpa-3.5.0.jar:/home/alendegeraldo/.m2/repository/org/springframework/boot/spring-boot-starter/3.5.0/spring-boot-starter-3.5.0.jar:/home/alendegeraldo/.m2/repository/org/springframework/boot/spring-boot/3.5.0/spring-boot-3.5.0.jar:/home/alendegeraldo/.m2/repository/org/springframework/boot/spring-boot-autoconfigure/3.5.0/spring-boot-autoconfigure-3.5.0.jar:/home/alendegeraldo/.m2/repository/org/springframework/boot/spring-boot-starter-logging/3.5.0/spring-boot-starter-logging-3.5.0.jar:/home/alendegeraldo/.m2/repository/ch/qos/logback/logback-classic/1.5.18/logback-classic-1.5.18.jar:/home/alendegeraldo/.m2/repository/ch/qos/logback/logback-core/1.5.18/logback-core-1.5.18.jar:/home/alendegeraldo/.m2/repository/org/apache/logging/log4j/log4j-to-slf4j/2.24.3/log4j-to-slf4j-2.24.3.jar:/home/alendegeraldo/.m2/repository/org/apache/logging/log4j/log4j-api/2.24.3/log4j-api-2.24.3.jar:/home/alendegeraldo/.m2/repository/org/slf4j/jul-to-slf4j/2.0.17/jul-to-slf4j-2.0.17.jar:/home/alendegeraldo/.m2/repository/jakarta/annotation/jakarta.annotation-api/2.1.1/jakarta.annotation-api-2.1.1.jar:/home/alendegeraldo/.m2/repository/org/yaml/snakeyaml/2.4/snakeyaml-2.4.jar:/home/alendegeraldo/.m2/repository/org/springframework/boot/spring-boot-starter-jdbc/3.5.0/spring-boot-starter-jdbc-3.5.0.jar:/home/alendegeraldo/.m2/repository/com/zaxxer/HikariCP/6.3.0/HikariCP-6.3.0.jar:/home/alendegeraldo/.m2/repository/org/springframework/spring-jdbc/6.2.7/spring-jdbc-6.2.7.jar:/home/alendegeraldo/.m2/repository/org/hibernate/orm/hibernate-core/6.6.15.Final/hibernate-core-6.6.15.Final.jar:/home/alendegeraldo/.m2/repository/jakarta/persistence/jakarta.persistence-api/3.1.0/jakarta.persistence-api-3.1.0.jar:/home/alendegeraldo/.m2/repository/jakarta/transaction/jakarta.transaction-api/2.0.1/jakarta.transaction-api-2.0.1.jar:/home/alendegeraldo/.m2/repository/org/jboss/logging/jboss-logging/3.6.1.Final/jboss-logging-3.6.1.Final.jar:/home/alendegeraldo/.m2/repository/org/hibernate/common/hibernate-commons-annotations/7.0.3.Final/hibernate-commons-annotations-7.0.3.Final.jar:/home/alendegeraldo/.m2/repository/io/smallrye/jandex/3.2.0/jandex-3.2.0.jar:/home/alendegeraldo/.m2/repository/com/fasterxml/classmate/1.7.0/classmate-1.7.0.jar:/home/alendegeraldo/.m2/repository/org/glassfish/jaxb/jaxb-runtime/4.0.5/jaxb-runtime-4.0.5.jar:/home/alendegeraldo/.m2/repository/org/glassfish/jaxb/jaxb-core/4.0.5/jaxb-core-4.0.5.jar:/home/alendegeraldo/.m2/repository/org/eclipse/angus/angus-activation/2.0.2/angus-activation-2.0.2.jar:/home/alendegeraldo/.m2/repository/org/glassfish/jaxb/txw2/4.0.5/txw2-4.0.5.jar:/home/alendegeraldo/.m2/repository/com/sun/istack/istack-commons-runtime/4.1.2/istack-commons-runtime-4.1.2.jar:/home/alendegeraldo/.m2/repository/jakarta/inject/jakarta.inject-api/2.0.1/jakarta.inject-api-2.0.1.jar:/home/alendegeraldo/.m2/repository/org/antlr/antlr4-runtime/4.13.0/antlr4-runtime-4.13.0.jar:/home/alendegeraldo/.m2/repository/org/springframework/data/spring-data-jpa/3.5.0/spring-data-jpa-3.5.0.jar:/home/alendegeraldo/.m2/repository/org/springframework/data/spring-data-commons/3.5.0/spring-data-commons-3.5.0.jar:/home/alendegeraldo/.m2/repository/org/springframework/spring-orm/6.2.7/spring-orm-6.2.7.jar:/home/alendegeraldo/.m2/repository/org/springframework/spring-context/6.2.7/spring-context-6.2.7.jar:/home/alendegeraldo/.m2/repository/org/springframework/spring-aop/6.2.7/spring-aop-6.2.7.jar:/home/alendegeraldo/.m2/repository/org/springframework/spring-tx/6.2.7/spring-tx-6.2.7.jar:/home/alendegeraldo/.m2/repository/org/springframework/spring-beans/6.2.7/spring-beans-6.2.7.jar:/home/alendegeraldo/.m2/repository/org/slf4j/slf4j-api/2.0.17/slf4j-api-2.0.17.jar:/home/alendegeraldo/.m2/repository/org/springframework/spring-aspects/6.2.7/spring-aspects-6.2.7.jar:/home/alendegeraldo/.m2/repository/org/aspectj/aspectjweaver/1.9.24/aspectjweaver-1.9.24.jar:/home/alendegeraldo/.m2/repository/org/springframework/boot/spring-boot-starter-validation/3.5.0/spring-boot-starter-validation-3.5.0.jar:/home/alendegeraldo/.m2/repository/org/apache/tomcat/embed/tomcat-embed-el/10.1.41/tomcat-embed-el-10.1.41.jar:/home/alendegeraldo/.m2/repository/org/hibernate/validator/hibernate-validator/8.0.2.Final/hibernate-validator-8.0.2.Final.jar:/home/alendegeraldo/.m2/repository/jakarta/validation/jakarta.validation-api/3.0.2/jakarta.validation-api-3.0.2.jar:/home/alendegeraldo/.m2/repository/org/springframework/boot/spring-boot-starter-web/3.5.0/spring-boot-starter-web-3.5.0.jar:/home/alendegeraldo/.m2/repository/org/springframework/boot/spring-boot-starter-json/3.5.0/spring-boot-starter-json-3.5.0.jar:/home/alendegeraldo/.m2/repository/com/fasterxml/jackson/datatype/jackson-datatype-jdk8/2.19.0/jackson-datatype-jdk8-2.19.0.jar:/home/alendegeraldo/.m2/repository/com/fasterxml/jackson/datatype/jackson-datatype-jsr310/2.19.0/jackson-datatype-jsr310-2.19.0.jar:/home/alendegeraldo/.m2/repository/com/fasterxml/jackson/module/jackson-module-parameter-names/2.19.0/jackson-module-parameter-names-2.19.0.jar:/home/alendegeraldo/.m2/repository/org/springframework/boot/spring-boot-starter-tomcat/3.5.0/spring-boot-starter-tomcat-3.5.0.jar:/home/alendegeraldo/.m2/repository/org/apache/tomcat/embed/tomcat-embed-core/10.1.41/tomcat-embed-core-10.1.41.jar:/home/alendegeraldo/.m2/repository/org/apache/tomcat/embed/tomcat-embed-websocket/10.1.41/tomcat-embed-websocket-10.1.41.jar:/home/alendegeraldo/.m2/repository/org/springframework/spring-web/6.2.7/spring-web-6.2.7.jar:/home/alendegeraldo/.m2/repository/org/springframework/spring-webmvc/6.2.7/spring-webmvc-6.2.7.jar:/home/alendegeraldo/.m2/repository/org/springframework/spring-expression/6.2.7/spring-expression-6.2.7.jar:/home/alendegeraldo/.m2/repository/org/postgresql/postgresql/42.7.5/postgresql-42.7.5.jar:/home/alendegeraldo/.m2/repository/org/checkerframework/checker-qual/3.48.3/checker-qual-3.48.3.jar:/home/alendegeraldo/.m2/repository/net/logstash/logback/logstash-logback-encoder/7.4/logstash-logback-encoder-7.4.jar:/home/alendegeraldo/.m2/repository/com/fasterxml/jackson/core/jackson-databind/2.19.0/jackson-databind-2.19.0.jar:/home/alendegeraldo/.m2/repository/com/fasterxml/jackson/core/jackson-annotations/2.19.0/jackson-annotations-2.19.0.jar:/home/alendegeraldo/.m2/repository/com/fasterxml/jackson/core/jackson-core/2.19.0/jackson-core-2.19.0.jar:/home/alendegeraldo/.m2/repository/org/springframework/boot/spring-boot-starter-test/3.5.0/spring-boot-starter-test-3.5.0.jar:/home/alendegeraldo/.m2/repository/org/springframework/boot/spring-boot-test/3.5.0/spring-boot-test-3.5.0.jar:/home/alendegeraldo/.m2/repository/org/springframework/boot/spring-boot-test-autoconfigure/3.5.0/spring-boot-test-autoconfigure-3.5.0.jar:/home/alendegeraldo/.m2/repository/com/jayway/jsonpath/json-path/2.9.0/json-path-2.9.0.jar:/home/alendegeraldo/.m2/repository/jakarta/xml/bind/jakarta.xml.bind-api/4.0.2/jakarta.xml.bind-api-4.0.2.jar:/home/alendegeraldo/.m2/repository/jakarta/activation/jakarta.activation-api/2.1.3/jakarta.activation-api-2.1.3.jar:/home/alendegeraldo/.m2/repository/net/minidev/json-smart/2.5.2/json-smart-2.5.2.jar:/home/alendegeraldo/.m2/repository/net/minidev/accessors-smart/2.5.2/accessors-smart-2.5.2.jar:/home/alendegeraldo/.m2/repository/org/ow2/asm/asm/9.7.1/asm-9.7.1.jar:/home/alendegeraldo/.m2/repository/org/assertj/assertj-core/3.27.3/assertj-core-3.27.3.jar:/home/alendegeraldo/.m2/repository/org/awaitility/awaitility/4.3.0/awaitility-4.3.0.jar:/home/alendegeraldo/.m2/repository/org/hamcrest/hamcrest/3.0/hamcrest-3.0.jar:/home/alendegeraldo/.m2/repository/org/junit/jupiter/junit-jupiter/5.12.2/junit-jupiter-5.12.2.jar:/home/alendegeraldo/.m2/repository/org/junit/jupiter/junit-jupiter-params/5.12.2/junit-jupiter-params-5.12.2.jar:/home/alendegeraldo/.m2/repository/org/junit/jupiter/junit-jupiter-engine/5.12.2/junit-jupiter-engine-5.12.2.jar:/home/alendegeraldo/.m2/repository/org/junit/platform/junit-platform-engine/1.12.2/junit-platform-engine-1.12.2.jar:/home/alendegeraldo/.m2/repository/org/skyscreamer/jsonassert/1.5.3/jsonassert-1.5.3.jar:/home/alendegeraldo/.m2/repository/com/vaadin/external/google/android-json/0.0.20131108.vaadin1/android-json-0.0.20131108.vaadin1.jar:/home/alendegeraldo/.m2/repository/org/springframework/spring-core/6.2.7/spring-core-6.2.7.jar:/home/alendegeraldo/.m2/repository/org/springframework/spring-jcl/6.2.7/spring-jcl-6.2.7.jar:/home/alendegeraldo/.m2/repository/org/springframework/spring-test/6.2.7/spring-test-6.2.7.jar:/home/alendegeraldo/.m2/repository/org/xmlunit/xmlunit-core/2.10.1/xmlunit-core-2.10.1.jar:/home/alendegeraldo/.m2/repository/org/mockito/mockito-core/5.17.0/mockito-core-5.17.0.jar:/home/alendegeraldo/.m2/repository/net/bytebuddy/byte-buddy/1.17.5/byte-buddy-1.17.5.jar:/home/alendegeraldo/.m2/repository/net/bytebuddy/byte-buddy-agent/1.17.5/byte-buddy-agent-1.17.5.jar:/home/alendegeraldo/.m2/repository/org/objenesis/objenesis/3.3/objenesis-3.3.jar:/home/alendegeraldo/.m2/repository/org/mockito/mockito-junit-jupiter/5.17.0/mockito-junit-jupiter-5.17.0.jar:/home/alendegeraldo/.m2/repository/org/junit/jupiter/junit-jupiter-api/5.12.2/junit-jupiter-api-5.12.2.jar:/home/alendegeraldo/.m2/repository/org/opentest4j/opentest4j/1.3.0/opentest4j-1.3.0.jar:/home/alendegeraldo/.m2/repository/org/junit/platform/junit-platform-commons/1.12.2/junit-platform-commons-1.12.2.jar:/home/alendegeraldo/.m2/repository/org/apiguardian/apiguardian-api/1.1.2/apiguardian-api-1.1.2.jar:/home/alendegeraldo/.m2/repository/org/springdoc/springdoc-openapi-starter-webmvc-ui/2.8.8/springdoc-openapi-starter-webmvc-ui-2.8.8.jar:/home/alendegeraldo/.m2/repository/org/springdoc/springdoc-openapi-starter-webmvc-api/2.8.8/springdoc-openapi-starter-webmvc-api-2.8.8.jar:/home/alendegeraldo/.m2/repository/org/springdoc/springdoc-openapi-starter-common/2.8.8/springdoc-openapi-starter-common-2.8.8.jar:/home/alendegeraldo/.m2/repository/io/swagger/core/v3/swagger-core-jakarta/2.2.30/swagger-core-jakarta-2.2.30.jar:/home/alendegeraldo/.m2/repository/io/swagger/core/v3/swagger-annotations-jakarta/2.2.30/swagger-annotations-jakarta-2.2.30.jar:/home/alendegeraldo/.m2/repository/io/swagger/core/v3/swagger-models-jakarta/2.2.30/swagger-models-jakarta-2.2.30.jar:/home/alendegeraldo/.m2/repository/com/fasterxml/jackson/dataformat/jackson-dataformat-yaml/2.19.0/jackson-dataformat-yaml-2.19.0.jar:/home/alendegeraldo/.m2/repository/org/webjars/swagger-ui/5.21.0/swagger-ui-5.21.0.jar:/home/alendegeraldo/.m2/repository/org/webjars/webjars-locator-lite/1.1.0/webjars-locator-lite-1.1.0.jar:/home/alendegeraldo/.m2/repository/org/jspecify/jspecify/1.0.0/jspecify-1.0.0.jar:/home/alendegeraldo/.m2/repository/org/springframework/boot/spring-boot-starter-actuator/3.5.0/spring-boot-starter-actuator-3.5.0.jar:/home/alendegeraldo/.m2/repository/org/springframework/boot/spring-boot-actuator-autoconfigure/3.5.0/spring-boot-actuator-autoconfigure-3.5.0.jar:/home/alendegeraldo/.m2/repository/org/springframework/boot/spring-boot-actuator/3.5.0/spring-boot-actuator-3.5.0.jar:/home/alendegeraldo/.m2/repository/io/micrometer/micrometer-observation/1.15.0/micrometer-observation-1.15.0.jar:/home/alendegeraldo/.m2/repository/io/micrometer/micrometer-commons/1.15.0/micrometer-commons-1.15.0.jar:/home/alendegeraldo/.m2/repository/io/micrometer/micrometer-jakarta9/1.15.0/micrometer-jakarta9-1.15.0.jar:/home/alendegeraldo/.m2/repository/io/micrometer/micrometer-core/1.15.0/micrometer-core-1.15.0.jar:/home/alendegeraldo/.m2/repository/org/hdrhistogram/HdrHistogram/2.2.2/HdrHistogram-2.2.2.jar:/home/alendegeraldo/.m2/repository/org/latencyutils/LatencyUtils/2.0.3/LatencyUtils-2.0.3.jar:/home/alendegeraldo/.m2/repository/org/testcontainers/junit-jupiter/1.21.0/junit-jupiter-1.21.0.jar:/home/alendegeraldo/.m2/repository/org/testcontainers/testcontainers/1.21.0/testcontainers-1.21.0.jar:/home/alendegeraldo/.m2/repository/junit/junit/4.13.2/junit-4.13.2.jar:/home/alendegeraldo/.m2/repository/org/hamcrest/hamcrest-core/3.0/hamcrest-core-3.0.jar:/home/alendegeraldo/.m2/repository/org/apache/commons/commons-compress/1.24.0/commons-compress-1.24.0.jar:/home/alendegeraldo/.m2/repository/org/rnorth/duct-tape/duct-tape/1.0.8/duct-tape-1.0.8.jar:/home/alendegeraldo/.m2/repository/org/jetbrains/annotations/17.0.0/annotations-17.0.0.jar:/home/alendegeraldo/.m2/repository/com/github/docker-java/docker-java-api/3.4.2/docker-java-api-3.4.2.jar:/home/alendegeraldo/.m2/repository/com/github/docker-java/docker-java-transport-zerodep/3.4.2/docker-java-transport-zerodep-3.4.2.jar:/home/alendegeraldo/.m2/repository/com/github/docker-java/docker-java-transport/3.4.2/docker-java-transport-3.4.2.jar:/home/alendegeraldo/.m2/repository/net/java/dev/jna/jna/5.13.0/jna-5.13.0.jar:/home/alendegeraldo/.m2/repository/org/testcontainers/postgresql/1.21.0/postgresql-1.21.0.jar:/home/alendegeraldo/.m2/repository/org/testcontainers/jdbc/1.21.0/jdbc-1.21.0.jar:/home/alendegeraldo/.m2/repository/org/testcontainers/database-commons/1.21.0/database-commons-1.21.0.jar:/home/alendegeraldo/.m2/repository/io/rest-assured/rest-assured/5.5.2/rest-assured-5.5.2.jar:/home/alendegeraldo/.m2/repository/org/apache/groovy/groovy/4.0.26/groovy-4.0.26.jar:/home/alendegeraldo/.m2/repository/org/apache/groovy/groovy-xml/4.0.26/groovy-xml-4.0.26.jar:/home/alendegeraldo/.m2/repository/org/apache/httpcomponents/httpclient/4.5.13/httpclient-4.5.13.jar:/home/alendegeraldo/.m2/repository/org/apache/httpcomponents/httpcore/4.4.16/httpcore-4.4.16.jar:/home/alendegeraldo/.m2/repository/commons-logging/commons-logging/1.2/commons-logging-1.2.jar:/home/alendegeraldo/.m2/repository/commons-codec/commons-codec/1.18.0/commons-codec-1.18.0.jar:/home/alendegeraldo/.m2/repository/org/apache/httpcomponents/httpmime/4.5.13/httpmime-4.5.13.jar:/home/alendegeraldo/.m2/repository/org/ccil/cowan/tagsoup/tagsoup/1.2.1/tagsoup-1.2.1.jar:/home/alendegeraldo/.m2/repository/io/rest-assured/json-path/5.5.2/json-path-5.5.2.jar:/home/alendegeraldo/.m2/repository/org/apache/groovy/groovy-json/4.0.26/groovy-json-4.0.26.jar:/home/alendegeraldo/.m2/repository/io/rest-assured/rest-assured-common/5.5.2/rest-assured-common-5.5.2.jar:/home/alendegeraldo/.m2/repository/io/rest-assured/xml-path/5.5.2/xml-path-5.5.2.jar:/home/alendegeraldo/.m2/repository/org/apache/commons/commons-lang3/3.17.0/commons-lang3-3.17.0.jar:"/>
    <property name="java.vm.vendor" value="Red Hat, Inc."/>
    <property name="sun.arch.data.model" value="64"/>
    <property name="java.vendor.url" value="https://www.redhat.com/"/>
    <property name="catalina.useNaming" value="false"/>
    <property name="user.timezone" value="America/Sao_Paulo"/>
    <property name="org.jboss.logging.provider" value="slf4j"/>
    <property name="os.name" value="Linux"/>
    <property name="java.vm.specification.version" value="17"/>
    <property name="APPLICATION_NAME" value="wallet"/>
    <property name="sun.java.launcher" value="SUN_STANDARD"/>
    <property name="user.country" value="BR"/>
    <property name="sun.boot.library.path" value="/usr/lib/jvm/java-17-openjdk/lib"/>
    <property name="sun.java.command" value="/home/alendegeraldo/Downloads/wallet/target/surefire/surefirebooter-20250529233253590_3.jar /home/alendegeraldo/Downloads/wallet/target/surefire 2025-05-29T23-32-53_483-jvmRun1 surefire-20250529233253590_1tmp surefire_0-20250529233253590_2tmp"/>
    <property name="jdk.debug" value="release"/>
    <property name="surefire.test.class.path" value="/home/alendegeraldo/Downloads/wallet/target/test-classes:/home/alendegeraldo/Downloads/wallet/target/classes:/home/alendegeraldo/.m2/repository/org/springframework/boot/spring-boot-starter-data-jpa/3.5.0/spring-boot-starter-data-jpa-3.5.0.jar:/home/alendegeraldo/.m2/repository/org/springframework/boot/spring-boot-starter/3.5.0/spring-boot-starter-3.5.0.jar:/home/alendegeraldo/.m2/repository/org/springframework/boot/spring-boot/3.5.0/spring-boot-3.5.0.jar:/home/alendegeraldo/.m2/repository/org/springframework/boot/spring-boot-autoconfigure/3.5.0/spring-boot-autoconfigure-3.5.0.jar:/home/alendegeraldo/.m2/repository/org/springframework/boot/spring-boot-starter-logging/3.5.0/spring-boot-starter-logging-3.5.0.jar:/home/alendegeraldo/.m2/repository/ch/qos/logback/logback-classic/1.5.18/logback-classic-1.5.18.jar:/home/alendegeraldo/.m2/repository/ch/qos/logback/logback-core/1.5.18/logback-core-1.5.18.jar:/home/alendegeraldo/.m2/repository/org/apache/logging/log4j/log4j-to-slf4j/2.24.3/log4j-to-slf4j-2.24.3.jar:/home/alendegeraldo/.m2/repository/org/apache/logging/log4j/log4j-api/2.24.3/log4j-api-2.24.3.jar:/home/alendegeraldo/.m2/repository/org/slf4j/jul-to-slf4j/2.0.17/jul-to-slf4j-2.0.17.jar:/home/alendegeraldo/.m2/repository/jakarta/annotation/jakarta.annotation-api/2.1.1/jakarta.annotation-api-2.1.1.jar:/home/alendegeraldo/.m2/repository/org/yaml/snakeyaml/2.4/snakeyaml-2.4.jar:/home/alendegeraldo/.m2/repository/org/springframework/boot/spring-boot-starter-jdbc/3.5.0/spring-boot-starter-jdbc-3.5.0.jar:/home/alendegeraldo/.m2/repository/com/zaxxer/HikariCP/6.3.0/HikariCP-6.3.0.jar:/home/alendegeraldo/.m2/repository/org/springframework/spring-jdbc/6.2.7/spring-jdbc-6.2.7.jar:/home/alendegeraldo/.m2/repository/org/hibernate/orm/hibernate-core/6.6.15.Final/hibernate-core-6.6.15.Final.jar:/home/alendegeraldo/.m2/repository/jakarta/persistence/jakarta.persistence-api/3.1.0/jakarta.persistence-api-3.1.0.jar:/home/alendegeraldo/.m2/repository/jakarta/transaction/jakarta.transaction-api/2.0.1/jakarta.transaction-api-2.0.1.jar:/home/alendegeraldo/.m2/repository/org/jboss/logging/jboss-logging/3.6.1.Final/jboss-logging-3.6.1.Final.jar:/home/alendegeraldo/.m2/repository/org/hibernate/common/hibernate-commons-annotations/7.0.3.Final/hibernate-commons-annotations-7.0.3.Final.jar:/home/alendegeraldo/.m2/repository/io/smallrye/jandex/3.2.0/jandex-3.2.0.jar:/home/alendegeraldo/.m2/repository/com/fasterxml/classmate/1.7.0/classmate-1.7.0.jar:/home/alendegeraldo/.m2/repository/org/glassfish/jaxb/jaxb-runtime/4.0.5/jaxb-runtime-4.0.5.jar:/home/alendegeraldo/.m2/repository/org/glassfish/jaxb/jaxb-core/4.0.5/jaxb-core-4.0.5.jar:/home/alendegeraldo/.m2/repository/org/eclipse/angus/angus-activation/2.0.2/angus-activation-2.0.2.jar:/home/alendegeraldo/.m2/repository/org/glassfish/jaxb/txw2/4.0.5/txw2-4.0.5.jar:/home/alendegeraldo/.m2/repository/com/sun/istack/istack-commons-runtime/4.1.2/istack-commons-runtime-4.1.2.jar:/home/alendegeraldo/.m2/repository/jakarta/inject/jakarta.inject-api/2.0.1/jakarta.inject-api-2.0.1.jar:/home/alendegeraldo/.m2/repository/org/antlr/antlr4-runtime/4.13.0/antlr4-runtime-4.13.0.jar:/home/alendegeraldo/.m2/repository/org/springframework/data/spring-data-jpa/3.5.0/spring-data-jpa-3.5.0.jar:/home/alendegeraldo/.m2/repository/org/springframework/data/spring-data-commons/3.5.0/spring-data-commons-3.5.0.jar:/home/alendegeraldo/.m2/repository/org/springframework/spring-orm/6.2.7/spring-orm-6.2.7.jar:/home/alendegeraldo/.m2/repository/org/springframework/spring-context/6.2.7/spring-context-6.2.7.jar:/home/alendegeraldo/.m2/repository/org/springframework/spring-aop/6.2.7/spring-aop-6.2.7.jar:/home/alendegeraldo/.m2/repository/org/springframework/spring-tx/6.2.7/spring-tx-6.2.7.jar:/home/alendegeraldo/.m2/repository/org/springframework/spring-beans/6.2.7/spring-beans-6.2.7.jar:/home/alendegeraldo/.m2/repository/org/slf4j/slf4j-api/2.0.17/slf4j-api-2.0.17.jar:/home/alendegeraldo/.m2/repository/org/springframework/spring-aspects/6.2.7/spring-aspects-6.2.7.jar:/home/alendegeraldo/.m2/repository/org/aspectj/aspectjweaver/1.9.24/aspectjweaver-1.9.24.jar:/home/alendegeraldo/.m2/repository/org/springframework/boot/spring-boot-starter-validation/3.5.0/spring-boot-starter-validation-3.5.0.jar:/home/alendegeraldo/.m2/repository/org/apache/tomcat/embed/tomcat-embed-el/10.1.41/tomcat-embed-el-10.1.41.jar:/home/alendegeraldo/.m2/repository/org/hibernate/validator/hibernate-validator/8.0.2.Final/hibernate-validator-8.0.2.Final.jar:/home/alendegeraldo/.m2/repository/jakarta/validation/jakarta.validation-api/3.0.2/jakarta.validation-api-3.0.2.jar:/home/alendegeraldo/.m2/repository/org/springframework/boot/spring-boot-starter-web/3.5.0/spring-boot-starter-web-3.5.0.jar:/home/alendegeraldo/.m2/repository/org/springframework/boot/spring-boot-starter-json/3.5.0/spring-boot-starter-json-3.5.0.jar:/home/alendegeraldo/.m2/repository/com/fasterxml/jackson/datatype/jackson-datatype-jdk8/2.19.0/jackson-datatype-jdk8-2.19.0.jar:/home/alendegeraldo/.m2/repository/com/fasterxml/jackson/datatype/jackson-datatype-jsr310/2.19.0/jackson-datatype-jsr310-2.19.0.jar:/home/alendegeraldo/.m2/repository/com/fasterxml/jackson/module/jackson-module-parameter-names/2.19.0/jackson-module-parameter-names-2.19.0.jar:/home/alendegeraldo/.m2/repository/org/springframework/boot/spring-boot-starter-tomcat/3.5.0/spring-boot-starter-tomcat-3.5.0.jar:/home/alendegeraldo/.m2/repository/org/apache/tomcat/embed/tomcat-embed-core/10.1.41/tomcat-embed-core-10.1.41.jar:/home/alendegeraldo/.m2/repository/org/apache/tomcat/embed/tomcat-embed-websocket/10.1.41/tomcat-embed-websocket-10.1.41.jar:/home/alendegeraldo/.m2/repository/org/springframework/spring-web/6.2.7/spring-web-6.2.7.jar:/home/alendegeraldo/.m2/repository/org/springframework/spring-webmvc/6.2.7/spring-webmvc-6.2.7.jar:/home/alendegeraldo/.m2/repository/org/springframework/spring-expression/6.2.7/spring-expression-6.2.7.jar:/home/alendegeraldo/.m2/repository/org/postgresql/postgresql/42.7.5/postgresql-42.7.5.jar:/home/alendegeraldo/.m2/repository/org/checkerframework/checker-qual/3.48.3/checker-qual-3.48.3.jar:/home/alendegeraldo/.m2/repository/net/logstash/logback/logstash-logback-encoder/7.4/logstash-logback-encoder-7.4.jar:/home/alendegeraldo/.m2/repository/com/fasterxml/jackson/core/jackson-databind/2.19.0/jackson-databind-2.19.0.jar:/home/alendegeraldo/.m2/repository/com/fasterxml/jackson/core/jackson-annotations/2.19.0/jackson-annotations-2.19.0.jar:/home/alendegeraldo/.m2/repository/com/fasterxml/jackson/core/jackson-core/2.19.0/jackson-core-2.19.0.jar:/home/alendegeraldo/.m2/repository/org/springframework/boot/spring-boot-starter-test/3.5.0/spring-boot-starter-test-3.5.0.jar:/home/alendegeraldo/.m2/repository/org/springframework/boot/spring-boot-test/3.5.0/spring-boot-test-3.5.0.jar:/home/alendegeraldo/.m2/repository/org/springframework/boot/spring-boot-test-autoconfigure/3.5.0/spring-boot-test-autoconfigure-3.5.0.jar:/home/alendegeraldo/.m2/repository/com/jayway/jsonpath/json-path/2.9.0/json-path-2.9.0.jar:/home/alendegeraldo/.m2/repository/jakarta/xml/bind/jakarta.xml.bind-api/4.0.2/jakarta.xml.bind-api-4.0.2.jar:/home/alendegeraldo/.m2/repository/jakarta/activation/jakarta.activation-api/2.1.3/jakarta.activation-api-2.1.3.jar:/home/alendegeraldo/.m2/repository/net/minidev/json-smart/2.5.2/json-smart-2.5.2.jar:/home/alendegeraldo/.m2/repository/net/minidev/accessors-smart/2.5.2/accessors-smart-2.5.2.jar:/home/alendegeraldo/.m2/repository/org/ow2/asm/asm/9.7.1/asm-9.7.1.jar:/home/alendegeraldo/.m2/repository/org/assertj/assertj-core/3.27.3/assertj-core-3.27.3.jar:/home/alendegeraldo/.m2/repository/org/awaitility/awaitility/4.3.0/awaitility-4.3.0.jar:/home/alendegeraldo/.m2/repository/org/hamcrest/hamcrest/3.0/hamcrest-3.0.jar:/home/alendegeraldo/.m2/repository/org/junit/jupiter/junit-jupiter/5.12.2/junit-jupiter-5.12.2.jar:/home/alendegeraldo/.m2/repository/org/junit/jupiter/junit-jupiter-params/5.12.2/junit-jupiter-params-5.12.2.jar:/home/alendegeraldo/.m2/repository/org/junit/jupiter/junit-jupiter-engine/5.12.2/junit-jupiter-engine-5.12.2.jar:/home/alendegeraldo/.m2/repository/org/junit/platform/junit-platform-engine/1.12.2/junit-platform-engine-1.12.2.jar:/home/alendegeraldo/.m2/repository/org/skyscreamer/jsonassert/1.5.3/jsonassert-1.5.3.jar:/home/alendegeraldo/.m2/repository/com/vaadin/external/google/android-json/0.0.20131108.vaadin1/android-json-0.0.20131108.vaadin1.jar:/home/alendegeraldo/.m2/repository/org/springframework/spring-core/6.2.7/spring-core-6.2.7.jar:/home/alendegeraldo/.m2/repository/org/springframework/spring-jcl/6.2.7/spring-jcl-6.2.7.jar:/home/alendegeraldo/.m2/repository/org/springframework/spring-test/6.2.7/spring-test-6.2.7.jar:/home/alendegeraldo/.m2/repository/org/xmlunit/xmlunit-core/2.10.1/xmlunit-core-2.10.1.jar:/home/alendegeraldo/.m2/repository/org/mockito/mockito-core/5.17.0/mockito-core-5.17.0.jar:/home/alendegeraldo/.m2/repository/net/bytebuddy/byte-buddy/1.17.5/byte-buddy-1.17.5.jar:/home/alendegeraldo/.m2/repository/net/bytebuddy/byte-buddy-agent/1.17.5/byte-buddy-agent-1.17.5.jar:/home/alendegeraldo/.m2/repository/org/objenesis/objenesis/3.3/objenesis-3.3.jar:/home/alendegeraldo/.m2/repository/org/mockito/mockito-junit-jupiter/5.17.0/mockito-junit-jupiter-5.17.0.jar:/home/alendegeraldo/.m2/repository/org/junit/jupiter/junit-jupiter-api/5.12.2/junit-jupiter-api-5.12.2.jar:/home/alendegeraldo/.m2/repository/org/opentest4j/opentest4j/1.3.0/opentest4j-1.3.0.jar:/home/alendegeraldo/.m2/repository/org/junit/platform/junit-platform-commons/1.12.2/junit-platform-commons-1.12.2.jar:/home/alendegeraldo/.m2/repository/org/apiguardian/apiguardian-api/1.1.2/apiguardian-api-1.1.2.jar:/home/alendegeraldo/.m2/repository/org/springdoc/springdoc-openapi-starter-webmvc-ui/2.8.8/springdoc-openapi-starter-webmvc-ui-2.8.8.jar:/home/alendegeraldo/.m2/repository/org/springdoc/springdoc-openapi-starter-webmvc-api/2.8.8/springdoc-openapi-starter-webmvc-api-2.8.8.jar:/home/alendegeraldo/.m2/repository/org/springdoc/springdoc-openapi-starter-common/2.8.8/springdoc-openapi-starter-common-2.8.8.jar:/home/alendegeraldo/.m2/repository/io/swagger/core/v3/swagger-core-jakarta/2.2.30/swagger-core-jakarta-2.2.30.jar:/home/alendegeraldo/.m2/repository/io/swagger/core/v3/swagger-annotations-jakarta/2.2.30/swagger-annotations-jakarta-2.2.30.jar:/home/alendegeraldo/.m2/repository/io/swagger/core/v3/swagger-models-jakarta/2.2.30/swagger-models-jakarta-2.2.30.jar:/home/alendegeraldo/.m2/repository/com/fasterxml/jackson/dataformat/jackson-dataformat-yaml/2.19.0/jackson-dataformat-yaml-2.19.0.jar:/home/alendegeraldo/.m2/repository/org/webjars/swagger-ui/5.21.0/swagger-ui-5.21.0.jar:/home/alendegeraldo/.m2/repository/org/webjars/webjars-locator-lite/1.1.0/webjars-locator-lite-1.1.0.jar:/home/alendegeraldo/.m2/repository/org/jspecify/jspecify/1.0.0/jspecify-1.0.0.jar:/home/alendegeraldo/.m2/repository/org/springframework/boot/spring-boot-starter-actuator/3.5.0/spring-boot-starter-actuator-3.5.0.jar:/home/alendegeraldo/.m2/repository/org/springframework/boot/spring-boot-actuator-autoconfigure/3.5.0/spring-boot-actuator-autoconfigure-3.5.0.jar:/home/alendegeraldo/.m2/repository/org/springframework/boot/spring-boot-actuator/3.5.0/spring-boot-actuator-3.5.0.jar:/home/alendegeraldo/.m2/repository/io/micrometer/micrometer-observation/1.15.0/micrometer-observation-1.15.0.jar:/home/alendegeraldo/.m2/repository/io/micrometer/micrometer-commons/1.15.0/micrometer-commons-1.15.0.jar:/home/alendegeraldo/.m2/repository/io/micrometer/micrometer-jakarta9/1.15.0/micrometer-jakarta9-1.15.0.jar:/home/alendegeraldo/.m2/repository/io/micrometer/micrometer-core/1.15.0/micrometer-core-1.15.0.jar:/home/alendegeraldo/.m2/repository/org/hdrhistogram/HdrHistogram/2.2.2/HdrHistogram-2.2.2.jar:/home/alendegeraldo/.m2/repository/org/latencyutils/LatencyUtils/2.0.3/LatencyUtils-2.0.3.jar:/home/alendegeraldo/.m2/repository/org/testcontainers/junit-jupiter/1.21.0/junit-jupiter-1.21.0.jar:/home/alendegeraldo/.m2/repository/org/testcontainers/testcontainers/1.21.0/testcontainers-1.21.0.jar:/home/alendegeraldo/.m2/repository/junit/junit/4.13.2/junit-4.13.2.jar:/home/alendegeraldo/.m2/repository/org/hamcrest/hamcrest-core/3.0/hamcrest-core-3.0.jar:/home/alendegeraldo/.m2/repository/org/apache/commons/commons-compress/1.24.0/commons-compress-1.24.0.jar:/home/alendegeraldo/.m2/repository/org/rnorth/duct-tape/duct-tape/1.0.8/duct-tape-1.0.8.jar:/home/alendegeraldo/.m2/repository/org/jetbrains/annotations/17.0.0/annotations-17.0.0.jar:/home/alendegeraldo/.m2/repository/com/github/docker-java/docker-java-api/3.4.2/docker-java-api-3.4.2.jar:/home/alendegeraldo/.m2/repository/com/github/docker-java/docker-java-transport-zerodep/3.4.2/docker-java-transport-zerodep-3.4.2.jar:/home/alendegeraldo/.m2/repository/com/github/docker-java/docker-java-transport/3.4.2/docker-java-transport-3.4.2.jar:/home/alendegeraldo/.m2/repository/net/java/dev/jna/jna/5.13.0/jna-5.13.0.jar:/home/alendegeraldo/.m2/repository/org/testcontainers/postgresql/1.21.0/postgresql-1.21.0.jar:/home/alendegeraldo/.m2/repository/org/testcontainers/jdbc/1.21.0/jdbc-1.21.0.jar:/home/alendegeraldo/.m2/repository/org/testcontainers/database-commons/1.21.0/database-commons-1.21.0.jar:/home/alendegeraldo/.m2/repository/io/rest-assured/rest-assured/5.5.2/rest-assured-5.5.2.jar:/home/alendegeraldo/.m2/repository/org/apache/groovy/groovy/4.0.26/groovy-4.0.26.jar:/home/alendegeraldo/.m2/repository/org/apache/groovy/groovy-xml/4.0.26/groovy-xml-4.0.26.jar:/home/alendegeraldo/.m2/repository/org/apache/httpcomponents/httpclient/4.5.13/httpclient-4.5.13.jar:/home/alendegeraldo/.m2/repository/org/apache/httpcomponents/httpcore/4.4.16/httpcore-4.4.16.jar:/home/alendegeraldo/.m2/repository/commons-logging/commons-logging/1.2/commons-logging-1.2.jar:/home/alendegeraldo/.m2/repository/commons-codec/commons-codec/1.18.0/commons-codec-1.18.0.jar:/home/alendegeraldo/.m2/repository/org/apache/httpcomponents/httpmime/4.5.13/httpmime-4.5.13.jar:/home/alendegeraldo/.m2/repository/org/ccil/cowan/tagsoup/tagsoup/1.2.1/tagsoup-1.2.1.jar:/home/alendegeraldo/.m2/repository/io/rest-assured/json-path/5.5.2/json-path-5.5.2.jar:/home/alendegeraldo/.m2/repository/org/apache/groovy/groovy-json/4.0.26/groovy-json-4.0.26.jar:/home/alendegeraldo/.m2/repository/io/rest-assured/rest-assured-common/5.5.2/rest-assured-common-5.5.2.jar:/home/alendegeraldo/.m2/repository/io/rest-assured/xml-path/5.5.2/xml-path-5.5.2.jar:/home/alendegeraldo/.m2/repository/org/apache/commons/commons-lang3/3.17.0/commons-lang3-3.17.0.jar:"/>
    <property name="sun.cpu.endian" value="little"/>
    <property name="user.home" value="/home/alendegeraldo"/>
    <property name="user.language" value="pt"/>
    <property name="java.specification.vendor" value="Oracle Corporation"/>
    <property name="java.version.date" value="2025-04-15"/>
    <property name="java.home" value="/usr/lib/jvm/java-17-openjdk"/>
    <property name="file.separator" value="/"/>
    <property name="basedir" value="/home/alendegeraldo/Downloads/wallet"/>
    <property name="java.vm.compressedOopsMode" value="Zero based"/>
    <property name="line.separator" value="&#10;"/>
    <property name="java.specification.name" value="Java Platform API Specification"/>
    <property name="java.vm.specification.vendor" value="Oracle Corporation"/>
    <property name="FILE_LOG_CHARSET" value="UTF-8"/>
    <property name="java.awt.headless" value="true"/>
    <property name="surefire.real.class.path" value="/home/alendegeraldo/Downloads/wallet/target/surefire/surefirebooter-20250529233253590_3.jar"/>
    <property name="sun.management.compiler" value="HotSpot 64-Bit Tiered Compilers"/>
    <property name="java.runtime.version" value="17.0.15+6"/>
    <property name="user.name" value="alendegeraldo"/>
    <property name="path.separator" value=":"/>
    <property name="os.version" value="6.14.5-100.fc40.x86_64"/>
    <property name="java.runtime.name" value="OpenJDK Runtime Environment"/>
    <property name="file.encoding" value="UTF-8"/>
    <property name="java.vm.name" value="OpenJDK 64-Bit Server VM"/>
    <property name="java.vendor.version" value="(Red_Hat-17.0.15.0.6-1)"/>
    <property name="localRepository" value="/home/alendegeraldo/.m2/repository"/>
    <property name="java.vendor.url.bug" value="https://bugzilla.redhat.com/enter_bug.cgi?product=Fedora&amp;component=java-17-openjdk&amp;version=40"/>
    <property name="java.io.tmpdir" value="/tmp"/>
    <property name="catalina.home" value="/tmp/tomcat.0.12880411760617337556"/>
    <property name="com.zaxxer.hikari.pool_number" value="1"/>
    <property name="java.version" value="17.0.15"/>
    <property name="user.dir" value="/home/alendegeraldo/Downloads/wallet"/>
    <property name="os.arch" value="amd64"/>
    <property name="java.vm.specification.name" value="Java Virtual Machine Specification"/>
    <property name="PID" value="14336"/>
    <property name="CONSOLE_LOG_CHARSET" value="UTF-8"/>
    <property name="catalina.base" value="/tmp/tomcat.0.12880411760617337556"/>
    <property name="native.encoding" value="UTF-8"/>
    <property name="java.library.path" value="/usr/java/packages/lib:/usr/lib64:/lib64:/lib:/usr/lib"/>
    <property name="java.vm.info" value="mixed mode, sharing"/>
    <property name="java.vendor" value="Red Hat, Inc."/>
    <property name="java.vm.version" value="17.0.15+6"/>
    <property name="java.specification.maintenance.version" value="1"/>
    <property name="sun.io.unicode.encoding" value="UnicodeLittle"/>
    <property name="java.class.version" value="61.0"/>
    <property name="LOGGED_APPLICATION_NAME" value="[wallet] "/>
  </properties>
  <testcase name="withdraw_insufficientBalance" classname="com.example.wallet.service.WalletServiceTest" time="0.191">
    <system-out><![CDATA[{"timestamp":"2025-05-29T23:33:12.244-0300","level":"INFO","logger":"com.example.wallet.serviceImpl.WalletServiceImpl","thread":"main","message":"Starting the withdrawal of funds","context":""}
]]></system-out>
  </testcase>
  <testcase name="getWallet_found" classname="com.example.wallet.service.WalletServiceTest" time="0.004">
    <system-out><![CDATA[{"timestamp":"2025-05-29T23:33:12.248-0300","level":"INFO","logger":"com.example.wallet.serviceImpl.WalletServiceImpl","thread":"main","message":"Retrieve the current balance of a user's wallet","context":""}
]]></system-out>
  </testcase>
  <testcase name="transfer_success" classname="com.example.wallet.service.WalletServiceTest" time="0.007">
    <system-out><![CDATA[{"timestamp":"2025-05-29T23:33:12.255-0300","level":"INFO","logger":"com.example.wallet.serviceImpl.WalletServiceImpl","thread":"main","message":"Starting the transfer of values","context":""}
]]></system-out>
  </testcase>
  <testcase name="transactionHistory_success" classname="com.example.wallet.service.WalletServiceTest" time="0.006">
    <system-out><![CDATA[{"timestamp":"2025-05-29T23:33:12.261-0300","level":"INFO","logger":"com.example.wallet.serviceImpl.WalletServiceImpl","thread":"main","message":"Consulting the wallet history","context":""}
]]></system-out>
  </testcase>
  <testcase name="createWallet_success" classname="com.example.wallet.service.WalletServiceTest" time="0.003">
    <system-out><![CDATA[{"timestamp":"2025-05-29T23:33:12.266-0300","level":"INFO","logger":"com.example.wallet.serviceImpl.WalletServiceImpl","thread":"main","message":"Created a new wallet","context":""}
]]></system-out>
  </testcase>
  <testcase name="getWallet_notFound" classname="com.example.wallet.service.WalletServiceTest" time="0.003">
    <system-out><![CDATA[{"timestamp":"2025-05-29T23:33:12.270-0300","level":"INFO","logger":"com.example.wallet.serviceImpl.WalletServiceImpl","thread":"main","message":"Retrieve the current balance of a user's wallet","context":""}
]]></system-out>
  </testcase>
  <testcase name="deposit_success" classname="com.example.wallet.service.WalletServiceTest" time="0.004">
    <system-out><![CDATA[{"timestamp":"2025-05-29T23:33:12.274-0300","level":"INFO","logger":"com.example.wallet.serviceImpl.WalletServiceImpl","thread":"main","message":"Depositing value into the wallet","context":""}
]]></system-out>
  </testcase>
</testsuite>